2022-10-21 15:58:25,511 INFO [main][SpringApplication.java:655] - The following profiles are active: dev
2022-10-21 15:58:25,511 INFO [main][SpringApplication.java:655] - The following profiles are active: dev
2022-10-21 15:58:34,431 WARN [main][EndpointId.java:155] - Endpoint ID 'service-registry' contains invalid characters, please migrate to a valid format.
2022-10-21 15:58:34,431 WARN [main][EndpointId.java:155] - Endpoint ID 'service-registry' contains invalid characters, please migrate to a valid format.
2022-10-21 15:58:34,889 DEBUG [main][LogFactory.java:105] - Logging initialized using 'class org.apache.ibatis.logging.slf4j.Slf4jImpl' adapter.
2022-10-21 15:58:34,889 DEBUG [main][LogFactory.java:105] - Logging initialized using 'class org.apache.ibatis.logging.slf4j.Slf4jImpl' adapter.
2022-10-21 15:58:36,226 INFO [main][GenericScope.java:295] - BeanFactory id=dcc5768b-5c8a-35d3-bcd6-fb00eaa2e068
2022-10-21 15:58:36,226 INFO [main][GenericScope.java:295] - BeanFactory id=dcc5768b-5c8a-35d3-bcd6-fb00eaa2e068
2022-10-21 15:58:40,848 INFO [main][PostProcessorRegistrationDelegate.java:335] - Bean 'org.springframework.security.access.expression.method.DefaultMethodSecurityExpressionHandler@be616f0' of type [org.springframework.security.oauth2.provider.expression.OAuth2MethodSecurityExpressionHandler] is not eligible for getting processed by all BeanPostProcessors (for example: not eligible for auto-proxying)
2022-10-21 15:58:40,848 INFO [main][PostProcessorRegistrationDelegate.java:335] - Bean 'org.springframework.security.access.expression.method.DefaultMethodSecurityExpressionHandler@be616f0' of type [org.springframework.security.oauth2.provider.expression.OAuth2MethodSecurityExpressionHandler] is not eligible for getting processed by all BeanPostProcessors (for example: not eligible for auto-proxying)
2022-10-21 15:58:41,289 INFO [main][PostProcessorRegistrationDelegate.java:335] - Bean 'methodSecurityMetadataSource' of type [org.springframework.security.access.method.DelegatingMethodSecurityMetadataSource] is not eligible for getting processed by all BeanPostProcessors (for example: not eligible for auto-proxying)
2022-10-21 15:58:41,289 INFO [main][PostProcessorRegistrationDelegate.java:335] - Bean 'methodSecurityMetadataSource' of type [org.springframework.security.access.method.DelegatingMethodSecurityMetadataSource] is not eligible for getting processed by all BeanPostProcessors (for example: not eligible for auto-proxying)
2022-10-21 15:58:42,779 DEBUG [main][HikariConfig.java:946] - Driver class com.mysql.cj.jdbc.Driver found in Thread context class loader sun.misc.Launcher$AppClassLoader@18b4aac2
2022-10-21 15:58:42,779 DEBUG [main][HikariConfig.java:946] - Driver class com.mysql.cj.jdbc.Driver found in Thread context class loader sun.misc.Launcher$AppClassLoader@18b4aac2
2022-10-21 15:58:44,118 DEBUG [main][Logger.java:49] - Registered plugin: 'com.baomidou.mybatisplus.extension.plugins.MybatisPlusInterceptor@66e12c3b'
2022-10-21 15:58:44,118 DEBUG [main][Logger.java:49] - Registered plugin: 'com.baomidou.mybatisplus.extension.plugins.MybatisPlusInterceptor@66e12c3b'
2022-10-21 15:58:44,137 DEBUG [main][Logger.java:49] - Property 'mapperLocations' was not specified.
2022-10-21 15:58:44,137 DEBUG [main][Logger.java:49] - Property 'mapperLocations' was not specified.
2022-10-21 15:58:52,964 DEBUG [main][MybatisConfiguration.java:128] - addMappedStatement: com.xuecheng.orders.mapper.XcOrdersMapper.insert
2022-10-21 15:58:52,964 DEBUG [main][MybatisConfiguration.java:128] - addMappedStatement: com.xuecheng.orders.mapper.XcOrdersMapper.insert
2022-10-21 15:58:52,990 DEBUG [main][MybatisConfiguration.java:128] - addMappedStatement: com.xuecheng.orders.mapper.XcOrdersMapper.delete
2022-10-21 15:58:52,990 DEBUG [main][MybatisConfiguration.java:128] - addMappedStatement: com.xuecheng.orders.mapper.XcOrdersMapper.delete
2022-10-21 15:58:53,014 DEBUG [main][MybatisConfiguration.java:128] - addMappedStatement: com.xuecheng.orders.mapper.XcOrdersMapper.deleteByMap
2022-10-21 15:58:53,014 DEBUG [main][MybatisConfiguration.java:128] - addMappedStatement: com.xuecheng.orders.mapper.XcOrdersMapper.deleteByMap
2022-10-21 15:58:53,259 DEBUG [main][MybatisConfiguration.java:128] - addMappedStatement: com.xuecheng.orders.mapper.XcOrdersMapper.deleteById
2022-10-21 15:58:53,259 DEBUG [main][MybatisConfiguration.java:128] - addMappedStatement: com.xuecheng.orders.mapper.XcOrdersMapper.deleteById
2022-10-21 15:58:53,264 DEBUG [main][MybatisConfiguration.java:128] - addMappedStatement: com.xuecheng.orders.mapper.XcOrdersMapper.deleteBatchIds
2022-10-21 15:58:53,264 DEBUG [main][MybatisConfiguration.java:128] - addMappedStatement: com.xuecheng.orders.mapper.XcOrdersMapper.deleteBatchIds
2022-10-21 15:58:53,300 DEBUG [main][MybatisConfiguration.java:128] - addMappedStatement: com.xuecheng.orders.mapper.XcOrdersMapper.update
2022-10-21 15:58:53,300 DEBUG [main][MybatisConfiguration.java:128] - addMappedStatement: com.xuecheng.orders.mapper.XcOrdersMapper.update
2022-10-21 15:58:53,316 DEBUG [main][MybatisConfiguration.java:128] - addMappedStatement: com.xuecheng.orders.mapper.XcOrdersMapper.updateById
2022-10-21 15:58:53,316 DEBUG [main][MybatisConfiguration.java:128] - addMappedStatement: com.xuecheng.orders.mapper.XcOrdersMapper.updateById
2022-10-21 15:58:53,324 DEBUG [main][MybatisConfiguration.java:128] - addMappedStatement: com.xuecheng.orders.mapper.XcOrdersMapper.selectById
2022-10-21 15:58:53,324 DEBUG [main][MybatisConfiguration.java:128] - addMappedStatement: com.xuecheng.orders.mapper.XcOrdersMapper.selectById
2022-10-21 15:58:53,338 DEBUG [main][MybatisConfiguration.java:128] - addMappedStatement: com.xuecheng.orders.mapper.XcOrdersMapper.selectBatchIds
2022-10-21 15:58:53,338 DEBUG [main][MybatisConfiguration.java:128] - addMappedStatement: com.xuecheng.orders.mapper.XcOrdersMapper.selectBatchIds
2022-10-21 15:58:53,372 DEBUG [main][MybatisConfiguration.java:128] - addMappedStatement: com.xuecheng.orders.mapper.XcOrdersMapper.selectByMap
2022-10-21 15:58:53,372 DEBUG [main][MybatisConfiguration.java:128] - addMappedStatement: com.xuecheng.orders.mapper.XcOrdersMapper.selectByMap
2022-10-21 15:58:53,424 DEBUG [main][MybatisConfiguration.java:128] - addMappedStatement: com.xuecheng.orders.mapper.XcOrdersMapper.selectOne
2022-10-21 15:58:53,424 DEBUG [main][MybatisConfiguration.java:128] - addMappedStatement: com.xuecheng.orders.mapper.XcOrdersMapper.selectOne
2022-10-21 15:58:53,436 DEBUG [main][MybatisConfiguration.java:128] - addMappedStatement: com.xuecheng.orders.mapper.XcOrdersMapper.selectCount
2022-10-21 15:58:53,436 DEBUG [main][MybatisConfiguration.java:128] - addMappedStatement: com.xuecheng.orders.mapper.XcOrdersMapper.selectCount
2022-10-21 15:58:53,453 DEBUG [main][MybatisConfiguration.java:128] - addMappedStatement: com.xuecheng.orders.mapper.XcOrdersMapper.selectMaps
2022-10-21 15:58:53,453 DEBUG [main][MybatisConfiguration.java:128] - addMappedStatement: com.xuecheng.orders.mapper.XcOrdersMapper.selectMaps
2022-10-21 15:58:53,494 DEBUG [main][MybatisConfiguration.java:128] - addMappedStatement: com.xuecheng.orders.mapper.XcOrdersMapper.selectMapsPage
2022-10-21 15:58:53,494 DEBUG [main][MybatisConfiguration.java:128] - addMappedStatement: com.xuecheng.orders.mapper.XcOrdersMapper.selectMapsPage
2022-10-21 15:58:53,536 DEBUG [main][MybatisConfiguration.java:128] - addMappedStatement: com.xuecheng.orders.mapper.XcOrdersMapper.selectObjs
2022-10-21 15:58:53,536 DEBUG [main][MybatisConfiguration.java:128] - addMappedStatement: com.xuecheng.orders.mapper.XcOrdersMapper.selectObjs
2022-10-21 15:58:53,591 DEBUG [main][MybatisConfiguration.java:128] - addMappedStatement: com.xuecheng.orders.mapper.XcOrdersMapper.selectList
2022-10-21 15:58:53,591 DEBUG [main][MybatisConfiguration.java:128] - addMappedStatement: com.xuecheng.orders.mapper.XcOrdersMapper.selectList
2022-10-21 15:58:53,649 DEBUG [main][MybatisConfiguration.java:128] - addMappedStatement: com.xuecheng.orders.mapper.XcOrdersMapper.selectPage
2022-10-21 15:58:53,649 DEBUG [main][MybatisConfiguration.java:128] - addMappedStatement: com.xuecheng.orders.mapper.XcOrdersMapper.selectPage
2022-10-21 15:58:53,828 DEBUG [main][MybatisConfiguration.java:128] - addMappedStatement: com.xuecheng.orders.mapper.XcOrdersGoodsMapper.insert
2022-10-21 15:58:53,828 DEBUG [main][MybatisConfiguration.java:128] - addMappedStatement: com.xuecheng.orders.mapper.XcOrdersGoodsMapper.insert
2022-10-21 15:58:53,838 DEBUG [main][MybatisConfiguration.java:128] - addMappedStatement: com.xuecheng.orders.mapper.XcOrdersGoodsMapper.delete
2022-10-21 15:58:53,838 DEBUG [main][MybatisConfiguration.java:128] - addMappedStatement: com.xuecheng.orders.mapper.XcOrdersGoodsMapper.delete
2022-10-21 15:58:53,850 DEBUG [main][MybatisConfiguration.java:128] - addMappedStatement: com.xuecheng.orders.mapper.XcOrdersGoodsMapper.deleteByMap
2022-10-21 15:58:53,850 DEBUG [main][MybatisConfiguration.java:128] - addMappedStatement: com.xuecheng.orders.mapper.XcOrdersGoodsMapper.deleteByMap
2022-10-21 15:58:53,856 DEBUG [main][MybatisConfiguration.java:128] - addMappedStatement: com.xuecheng.orders.mapper.XcOrdersGoodsMapper.deleteById
2022-10-21 15:58:53,856 DEBUG [main][MybatisConfiguration.java:128] - addMappedStatement: com.xuecheng.orders.mapper.XcOrdersGoodsMapper.deleteById
2022-10-21 15:58:53,862 DEBUG [main][MybatisConfiguration.java:128] - addMappedStatement: com.xuecheng.orders.mapper.XcOrdersGoodsMapper.deleteBatchIds
2022-10-21 15:58:53,862 DEBUG [main][MybatisConfiguration.java:128] - addMappedStatement: com.xuecheng.orders.mapper.XcOrdersGoodsMapper.deleteBatchIds
2022-10-21 15:58:53,870 DEBUG [main][MybatisConfiguration.java:128] - addMappedStatement: com.xuecheng.orders.mapper.XcOrdersGoodsMapper.update
2022-10-21 15:58:53,870 DEBUG [main][MybatisConfiguration.java:128] - addMappedStatement: com.xuecheng.orders.mapper.XcOrdersGoodsMapper.update
2022-10-21 15:58:53,874 DEBUG [main][MybatisConfiguration.java:128] - addMappedStatement: com.xuecheng.orders.mapper.XcOrdersGoodsMapper.updateById
2022-10-21 15:58:53,874 DEBUG [main][MybatisConfiguration.java:128] - addMappedStatement: com.xuecheng.orders.mapper.XcOrdersGoodsMapper.updateById
2022-10-21 15:58:53,876 DEBUG [main][MybatisConfiguration.java:128] - addMappedStatement: com.xuecheng.orders.mapper.XcOrdersGoodsMapper.selectById
2022-10-21 15:58:53,876 DEBUG [main][MybatisConfiguration.java:128] - addMappedStatement: com.xuecheng.orders.mapper.XcOrdersGoodsMapper.selectById
2022-10-21 15:58:53,880 DEBUG [main][MybatisConfiguration.java:128] - addMappedStatement: com.xuecheng.orders.mapper.XcOrdersGoodsMapper.selectBatchIds
2022-10-21 15:58:53,880 DEBUG [main][MybatisConfiguration.java:128] - addMappedStatement: com.xuecheng.orders.mapper.XcOrdersGoodsMapper.selectBatchIds
2022-10-21 15:58:53,888 DEBUG [main][MybatisConfiguration.java:128] - addMappedStatement: com.xuecheng.orders.mapper.XcOrdersGoodsMapper.selectByMap
2022-10-21 15:58:53,888 DEBUG [main][MybatisConfiguration.java:128] - addMappedStatement: com.xuecheng.orders.mapper.XcOrdersGoodsMapper.selectByMap
2022-10-21 15:58:53,908 DEBUG [main][MybatisConfiguration.java:128] - addMappedStatement: com.xuecheng.orders.mapper.XcOrdersGoodsMapper.selectOne
2022-10-21 15:58:53,908 DEBUG [main][MybatisConfiguration.java:128] - addMappedStatement: com.xuecheng.orders.mapper.XcOrdersGoodsMapper.selectOne
2022-10-21 15:58:53,917 DEBUG [main][MybatisConfiguration.java:128] - addMappedStatement: com.xuecheng.orders.mapper.XcOrdersGoodsMapper.selectCount
2022-10-21 15:58:53,917 DEBUG [main][MybatisConfiguration.java:128] - addMappedStatement: com.xuecheng.orders.mapper.XcOrdersGoodsMapper.selectCount
2022-10-21 15:58:53,936 DEBUG [main][MybatisConfiguration.java:128] - addMappedStatement: com.xuecheng.orders.mapper.XcOrdersGoodsMapper.selectMaps
2022-10-21 15:58:53,936 DEBUG [main][MybatisConfiguration.java:128] - addMappedStatement: com.xuecheng.orders.mapper.XcOrdersGoodsMapper.selectMaps
2022-10-21 15:58:53,946 DEBUG [main][MybatisConfiguration.java:128] - addMappedStatement: com.xuecheng.orders.mapper.XcOrdersGoodsMapper.selectMapsPage
2022-10-21 15:58:53,946 DEBUG [main][MybatisConfiguration.java:128] - addMappedStatement: com.xuecheng.orders.mapper.XcOrdersGoodsMapper.selectMapsPage
2022-10-21 15:58:53,959 DEBUG [main][MybatisConfiguration.java:128] - addMappedStatement: com.xuecheng.orders.mapper.XcOrdersGoodsMapper.selectObjs
2022-10-21 15:58:53,959 DEBUG [main][MybatisConfiguration.java:128] - addMappedStatement: com.xuecheng.orders.mapper.XcOrdersGoodsMapper.selectObjs
2022-10-21 15:58:53,973 DEBUG [main][MybatisConfiguration.java:128] - addMappedStatement: com.xuecheng.orders.mapper.XcOrdersGoodsMapper.selectList
2022-10-21 15:58:53,973 DEBUG [main][MybatisConfiguration.java:128] - addMappedStatement: com.xuecheng.orders.mapper.XcOrdersGoodsMapper.selectList
2022-10-21 15:58:53,998 DEBUG [main][MybatisConfiguration.java:128] - addMappedStatement: com.xuecheng.orders.mapper.XcOrdersGoodsMapper.selectPage
2022-10-21 15:58:53,998 DEBUG [main][MybatisConfiguration.java:128] - addMappedStatement: com.xuecheng.orders.mapper.XcOrdersGoodsMapper.selectPage
2022-10-21 15:58:54,164 DEBUG [main][MybatisConfiguration.java:128] - addMappedStatement: com.xuecheng.orders.mapper.XcPayRecordMapper.insert
2022-10-21 15:58:54,164 DEBUG [main][MybatisConfiguration.java:128] - addMappedStatement: com.xuecheng.orders.mapper.XcPayRecordMapper.insert
2022-10-21 15:58:54,226 DEBUG [main][MybatisConfiguration.java:128] - addMappedStatement: com.xuecheng.orders.mapper.XcPayRecordMapper.delete
2022-10-21 15:58:54,226 DEBUG [main][MybatisConfiguration.java:128] - addMappedStatement: com.xuecheng.orders.mapper.XcPayRecordMapper.delete
2022-10-21 15:58:54,246 DEBUG [main][MybatisConfiguration.java:128] - addMappedStatement: com.xuecheng.orders.mapper.XcPayRecordMapper.deleteByMap
2022-10-21 15:58:54,246 DEBUG [main][MybatisConfiguration.java:128] - addMappedStatement: com.xuecheng.orders.mapper.XcPayRecordMapper.deleteByMap
2022-10-21 15:58:54,252 DEBUG [main][MybatisConfiguration.java:128] - addMappedStatement: com.xuecheng.orders.mapper.XcPayRecordMapper.deleteById
2022-10-21 15:58:54,252 DEBUG [main][MybatisConfiguration.java:128] - addMappedStatement: com.xuecheng.orders.mapper.XcPayRecordMapper.deleteById
2022-10-21 15:58:54,282 DEBUG [main][MybatisConfiguration.java:128] - addMappedStatement: com.xuecheng.orders.mapper.XcPayRecordMapper.deleteBatchIds
2022-10-21 15:58:54,282 DEBUG [main][MybatisConfiguration.java:128] - addMappedStatement: com.xuecheng.orders.mapper.XcPayRecordMapper.deleteBatchIds
2022-10-21 15:58:54,288 DEBUG [main][MybatisConfiguration.java:128] - addMappedStatement: com.xuecheng.orders.mapper.XcPayRecordMapper.update
2022-10-21 15:58:54,288 DEBUG [main][MybatisConfiguration.java:128] - addMappedStatement: com.xuecheng.orders.mapper.XcPayRecordMapper.update
2022-10-21 15:58:54,314 DEBUG [main][MybatisConfiguration.java:128] - addMappedStatement: com.xuecheng.orders.mapper.XcPayRecordMapper.updateById
2022-10-21 15:58:54,314 DEBUG [main][MybatisConfiguration.java:128] - addMappedStatement: com.xuecheng.orders.mapper.XcPayRecordMapper.updateById
2022-10-21 15:58:54,316 DEBUG [main][MybatisConfiguration.java:128] - addMappedStatement: com.xuecheng.orders.mapper.XcPayRecordMapper.selectById
2022-10-21 15:58:54,316 DEBUG [main][MybatisConfiguration.java:128] - addMappedStatement: com.xuecheng.orders.mapper.XcPayRecordMapper.selectById
2022-10-21 15:58:54,332 DEBUG [main][MybatisConfiguration.java:128] - addMappedStatement: com.xuecheng.orders.mapper.XcPayRecordMapper.selectBatchIds
2022-10-21 15:58:54,332 DEBUG [main][MybatisConfiguration.java:128] - addMappedStatement: com.xuecheng.orders.mapper.XcPayRecordMapper.selectBatchIds
2022-10-21 15:58:54,340 DEBUG [main][MybatisConfiguration.java:128] - addMappedStatement: com.xuecheng.orders.mapper.XcPayRecordMapper.selectByMap
2022-10-21 15:58:54,340 DEBUG [main][MybatisConfiguration.java:128] - addMappedStatement: com.xuecheng.orders.mapper.XcPayRecordMapper.selectByMap
2022-10-21 15:58:54,350 DEBUG [main][MybatisConfiguration.java:128] - addMappedStatement: com.xuecheng.orders.mapper.XcPayRecordMapper.selectOne
2022-10-21 15:58:54,350 DEBUG [main][MybatisConfiguration.java:128] - addMappedStatement: com.xuecheng.orders.mapper.XcPayRecordMapper.selectOne
2022-10-21 15:58:54,373 DEBUG [main][MybatisConfiguration.java:128] - addMappedStatement: com.xuecheng.orders.mapper.XcPayRecordMapper.selectCount
2022-10-21 15:58:54,373 DEBUG [main][MybatisConfiguration.java:128] - addMappedStatement: com.xuecheng.orders.mapper.XcPayRecordMapper.selectCount
2022-10-21 15:58:54,389 DEBUG [main][MybatisConfiguration.java:128] - addMappedStatement: com.xuecheng.orders.mapper.XcPayRecordMapper.selectMaps
2022-10-21 15:58:54,389 DEBUG [main][MybatisConfiguration.java:128] - addMappedStatement: com.xuecheng.orders.mapper.XcPayRecordMapper.selectMaps
2022-10-21 15:58:54,411 DEBUG [main][MybatisConfiguration.java:128] - addMappedStatement: com.xuecheng.orders.mapper.XcPayRecordMapper.selectMapsPage
2022-10-21 15:58:54,411 DEBUG [main][MybatisConfiguration.java:128] - addMappedStatement: com.xuecheng.orders.mapper.XcPayRecordMapper.selectMapsPage
2022-10-21 15:58:54,438 DEBUG [main][MybatisConfiguration.java:128] - addMappedStatement: com.xuecheng.orders.mapper.XcPayRecordMapper.selectObjs
2022-10-21 15:58:54,438 DEBUG [main][MybatisConfiguration.java:128] - addMappedStatement: com.xuecheng.orders.mapper.XcPayRecordMapper.selectObjs
2022-10-21 15:58:54,519 DEBUG [main][MybatisConfiguration.java:128] - addMappedStatement: com.xuecheng.orders.mapper.XcPayRecordMapper.selectList
2022-10-21 15:58:54,519 DEBUG [main][MybatisConfiguration.java:128] - addMappedStatement: com.xuecheng.orders.mapper.XcPayRecordMapper.selectList
2022-10-21 15:58:54,538 DEBUG [main][MybatisConfiguration.java:128] - addMappedStatement: com.xuecheng.orders.mapper.XcPayRecordMapper.selectPage
2022-10-21 15:58:54,538 DEBUG [main][MybatisConfiguration.java:128] - addMappedStatement: com.xuecheng.orders.mapper.XcPayRecordMapper.selectPage
2022-10-21 15:58:54,836 DEBUG [main][MybatisConfiguration.java:128] - addMappedStatement: com.xuecheng.messagesdk.mapper.MqMessageMapper.selectListByShardIndex
2022-10-21 15:58:54,836 DEBUG [main][MybatisConfiguration.java:128] - addMappedStatement: com.xuecheng.messagesdk.mapper.MqMessageMapper.selectListByShardIndex
2022-10-21 15:58:54,859 DEBUG [main][MybatisConfiguration.java:128] - addMappedStatement: com.xuecheng.messagesdk.mapper.MqMessageMapper.insert
2022-10-21 15:58:54,859 DEBUG [main][MybatisConfiguration.java:128] - addMappedStatement: com.xuecheng.messagesdk.mapper.MqMessageMapper.insert
2022-10-21 15:58:54,871 DEBUG [main][MybatisConfiguration.java:128] - addMappedStatement: com.xuecheng.messagesdk.mapper.MqMessageMapper.delete
2022-10-21 15:58:54,871 DEBUG [main][MybatisConfiguration.java:128] - addMappedStatement: com.xuecheng.messagesdk.mapper.MqMessageMapper.delete
2022-10-21 15:58:54,887 DEBUG [main][MybatisConfiguration.java:128] - addMappedStatement: com.xuecheng.messagesdk.mapper.MqMessageMapper.deleteByMap
2022-10-21 15:58:54,887 DEBUG [main][MybatisConfiguration.java:128] - addMappedStatement: com.xuecheng.messagesdk.mapper.MqMessageMapper.deleteByMap
2022-10-21 15:58:54,910 DEBUG [main][MybatisConfiguration.java:128] - addMappedStatement: com.xuecheng.messagesdk.mapper.MqMessageMapper.deleteById
2022-10-21 15:58:54,910 DEBUG [main][MybatisConfiguration.java:128] - addMappedStatement: com.xuecheng.messagesdk.mapper.MqMessageMapper.deleteById
2022-10-21 15:58:54,933 DEBUG [main][MybatisConfiguration.java:128] - addMappedStatement: com.xuecheng.messagesdk.mapper.MqMessageMapper.deleteBatchIds
2022-10-21 15:58:54,933 DEBUG [main][MybatisConfiguration.java:128] - addMappedStatement: com.xuecheng.messagesdk.mapper.MqMessageMapper.deleteBatchIds
2022-10-21 15:58:54,957 DEBUG [main][MybatisConfiguration.java:128] - addMappedStatement: com.xuecheng.messagesdk.mapper.MqMessageMapper.update
2022-10-21 15:58:54,957 DEBUG [main][MybatisConfiguration.java:128] - addMappedStatement: com.xuecheng.messagesdk.mapper.MqMessageMapper.update
2022-10-21 15:58:54,971 DEBUG [main][MybatisConfiguration.java:128] - addMappedStatement: com.xuecheng.messagesdk.mapper.MqMessageMapper.updateById
2022-10-21 15:58:54,971 DEBUG [main][MybatisConfiguration.java:128] - addMappedStatement: com.xuecheng.messagesdk.mapper.MqMessageMapper.updateById
2022-10-21 15:58:54,974 DEBUG [main][MybatisConfiguration.java:128] - addMappedStatement: com.xuecheng.messagesdk.mapper.MqMessageMapper.selectById
2022-10-21 15:58:54,974 DEBUG [main][MybatisConfiguration.java:128] - addMappedStatement: com.xuecheng.messagesdk.mapper.MqMessageMapper.selectById
2022-10-21 15:58:55,013 DEBUG [main][MybatisConfiguration.java:128] - addMappedStatement: com.xuecheng.messagesdk.mapper.MqMessageMapper.selectBatchIds
2022-10-21 15:58:55,013 DEBUG [main][MybatisConfiguration.java:128] - addMappedStatement: com.xuecheng.messagesdk.mapper.MqMessageMapper.selectBatchIds
2022-10-21 15:58:55,038 DEBUG [main][MybatisConfiguration.java:128] - addMappedStatement: com.xuecheng.messagesdk.mapper.MqMessageMapper.selectByMap
2022-10-21 15:58:55,038 DEBUG [main][MybatisConfiguration.java:128] - addMappedStatement: com.xuecheng.messagesdk.mapper.MqMessageMapper.selectByMap
2022-10-21 15:58:55,079 DEBUG [main][MybatisConfiguration.java:128] - addMappedStatement: com.xuecheng.messagesdk.mapper.MqMessageMapper.selectOne
2022-10-21 15:58:55,079 DEBUG [main][MybatisConfiguration.java:128] - addMappedStatement: com.xuecheng.messagesdk.mapper.MqMessageMapper.selectOne
2022-10-21 15:58:55,095 DEBUG [main][MybatisConfiguration.java:128] - addMappedStatement: com.xuecheng.messagesdk.mapper.MqMessageMapper.selectCount
2022-10-21 15:58:55,095 DEBUG [main][MybatisConfiguration.java:128] - addMappedStatement: com.xuecheng.messagesdk.mapper.MqMessageMapper.selectCount
2022-10-21 15:58:55,100 DEBUG [main][MybatisConfiguration.java:128] - addMappedStatement: com.xuecheng.messagesdk.mapper.MqMessageMapper.selectMaps
2022-10-21 15:58:55,100 DEBUG [main][MybatisConfiguration.java:128] - addMappedStatement: com.xuecheng.messagesdk.mapper.MqMessageMapper.selectMaps
2022-10-21 15:58:55,107 DEBUG [main][MybatisConfiguration.java:128] - addMappedStatement: com.xuecheng.messagesdk.mapper.MqMessageMapper.selectMapsPage
2022-10-21 15:58:55,107 DEBUG [main][MybatisConfiguration.java:128] - addMappedStatement: com.xuecheng.messagesdk.mapper.MqMessageMapper.selectMapsPage
2022-10-21 15:58:55,120 DEBUG [main][MybatisConfiguration.java:128] - addMappedStatement: com.xuecheng.messagesdk.mapper.MqMessageMapper.selectObjs
2022-10-21 15:58:55,120 DEBUG [main][MybatisConfiguration.java:128] - addMappedStatement: com.xuecheng.messagesdk.mapper.MqMessageMapper.selectObjs
2022-10-21 15:58:55,138 DEBUG [main][MybatisConfiguration.java:128] - addMappedStatement: com.xuecheng.messagesdk.mapper.MqMessageMapper.selectList
2022-10-21 15:58:55,138 DEBUG [main][MybatisConfiguration.java:128] - addMappedStatement: com.xuecheng.messagesdk.mapper.MqMessageMapper.selectList
2022-10-21 15:58:55,151 DEBUG [main][MybatisConfiguration.java:128] - addMappedStatement: com.xuecheng.messagesdk.mapper.MqMessageMapper.selectPage
2022-10-21 15:58:55,151 DEBUG [main][MybatisConfiguration.java:128] - addMappedStatement: com.xuecheng.messagesdk.mapper.MqMessageMapper.selectPage
2022-10-21 15:58:55,269 DEBUG [main][MybatisConfiguration.java:128] - addMappedStatement: com.xuecheng.messagesdk.mapper.MqMessageHistoryMapper.insert
2022-10-21 15:58:55,269 DEBUG [main][MybatisConfiguration.java:128] - addMappedStatement: com.xuecheng.messagesdk.mapper.MqMessageHistoryMapper.insert
2022-10-21 15:58:55,281 DEBUG [main][MybatisConfiguration.java:128] - addMappedStatement: com.xuecheng.messagesdk.mapper.MqMessageHistoryMapper.delete
2022-10-21 15:58:55,281 DEBUG [main][MybatisConfiguration.java:128] - addMappedStatement: com.xuecheng.messagesdk.mapper.MqMessageHistoryMapper.delete
2022-10-21 15:58:55,299 DEBUG [main][MybatisConfiguration.java:128] - addMappedStatement: com.xuecheng.messagesdk.mapper.MqMessageHistoryMapper.deleteByMap
2022-10-21 15:58:55,299 DEBUG [main][MybatisConfiguration.java:128] - addMappedStatement: com.xuecheng.messagesdk.mapper.MqMessageHistoryMapper.deleteByMap
2022-10-21 15:58:55,380 DEBUG [main][MybatisConfiguration.java:128] - addMappedStatement: com.xuecheng.messagesdk.mapper.MqMessageHistoryMapper.deleteById
2022-10-21 15:58:55,380 DEBUG [main][MybatisConfiguration.java:128] - addMappedStatement: com.xuecheng.messagesdk.mapper.MqMessageHistoryMapper.deleteById
2022-10-21 15:58:55,442 DEBUG [main][MybatisConfiguration.java:128] - addMappedStatement: com.xuecheng.messagesdk.mapper.MqMessageHistoryMapper.deleteBatchIds
2022-10-21 15:58:55,442 DEBUG [main][MybatisConfiguration.java:128] - addMappedStatement: com.xuecheng.messagesdk.mapper.MqMessageHistoryMapper.deleteBatchIds
2022-10-21 15:58:55,508 DEBUG [main][MybatisConfiguration.java:128] - addMappedStatement: com.xuecheng.messagesdk.mapper.MqMessageHistoryMapper.update
2022-10-21 15:58:55,508 DEBUG [main][MybatisConfiguration.java:128] - addMappedStatement: com.xuecheng.messagesdk.mapper.MqMessageHistoryMapper.update
2022-10-21 15:58:55,520 DEBUG [main][MybatisConfiguration.java:128] - addMappedStatement: com.xuecheng.messagesdk.mapper.MqMessageHistoryMapper.updateById
2022-10-21 15:58:55,520 DEBUG [main][MybatisConfiguration.java:128] - addMappedStatement: com.xuecheng.messagesdk.mapper.MqMessageHistoryMapper.updateById
2022-10-21 15:58:55,521 DEBUG [main][MybatisConfiguration.java:128] - addMappedStatement: com.xuecheng.messagesdk.mapper.MqMessageHistoryMapper.selectById
2022-10-21 15:58:55,521 DEBUG [main][MybatisConfiguration.java:128] - addMappedStatement: com.xuecheng.messagesdk.mapper.MqMessageHistoryMapper.selectById
2022-10-21 15:58:55,563 DEBUG [main][MybatisConfiguration.java:128] - addMappedStatement: com.xuecheng.messagesdk.mapper.MqMessageHistoryMapper.selectBatchIds
2022-10-21 15:58:55,563 DEBUG [main][MybatisConfiguration.java:128] - addMappedStatement: com.xuecheng.messagesdk.mapper.MqMessageHistoryMapper.selectBatchIds
2022-10-21 15:58:55,576 DEBUG [main][MybatisConfiguration.java:128] - addMappedStatement: com.xuecheng.messagesdk.mapper.MqMessageHistoryMapper.selectByMap
2022-10-21 15:58:55,576 DEBUG [main][MybatisConfiguration.java:128] - addMappedStatement: com.xuecheng.messagesdk.mapper.MqMessageHistoryMapper.selectByMap
2022-10-21 15:58:55,588 DEBUG [main][MybatisConfiguration.java:128] - addMappedStatement: com.xuecheng.messagesdk.mapper.MqMessageHistoryMapper.selectOne
2022-10-21 15:58:55,588 DEBUG [main][MybatisConfiguration.java:128] - addMappedStatement: com.xuecheng.messagesdk.mapper.MqMessageHistoryMapper.selectOne
2022-10-21 15:58:55,613 DEBUG [main][MybatisConfiguration.java:128] - addMappedStatement: com.xuecheng.messagesdk.mapper.MqMessageHistoryMapper.selectCount
2022-10-21 15:58:55,613 DEBUG [main][MybatisConfiguration.java:128] - addMappedStatement: com.xuecheng.messagesdk.mapper.MqMessageHistoryMapper.selectCount
2022-10-21 15:58:55,685 DEBUG [main][MybatisConfiguration.java:128] - addMappedStatement: com.xuecheng.messagesdk.mapper.MqMessageHistoryMapper.selectMaps
2022-10-21 15:58:55,685 DEBUG [main][MybatisConfiguration.java:128] - addMappedStatement: com.xuecheng.messagesdk.mapper.MqMessageHistoryMapper.selectMaps
2022-10-21 15:58:55,712 DEBUG [main][MybatisConfiguration.java:128] - addMappedStatement: com.xuecheng.messagesdk.mapper.MqMessageHistoryMapper.selectMapsPage
2022-10-21 15:58:55,712 DEBUG [main][MybatisConfiguration.java:128] - addMappedStatement: com.xuecheng.messagesdk.mapper.MqMessageHistoryMapper.selectMapsPage
2022-10-21 15:58:55,727 DEBUG [main][MybatisConfiguration.java:128] - addMappedStatement: com.xuecheng.messagesdk.mapper.MqMessageHistoryMapper.selectObjs
2022-10-21 15:58:55,727 DEBUG [main][MybatisConfiguration.java:128] - addMappedStatement: com.xuecheng.messagesdk.mapper.MqMessageHistoryMapper.selectObjs
2022-10-21 15:58:55,783 DEBUG [main][MybatisConfiguration.java:128] - addMappedStatement: com.xuecheng.messagesdk.mapper.MqMessageHistoryMapper.selectList
2022-10-21 15:58:55,783 DEBUG [main][MybatisConfiguration.java:128] - addMappedStatement: com.xuecheng.messagesdk.mapper.MqMessageHistoryMapper.selectList
2022-10-21 15:58:55,800 DEBUG [main][MybatisConfiguration.java:128] - addMappedStatement: com.xuecheng.messagesdk.mapper.MqMessageHistoryMapper.selectPage
2022-10-21 15:58:55,800 DEBUG [main][MybatisConfiguration.java:128] - addMappedStatement: com.xuecheng.messagesdk.mapper.MqMessageHistoryMapper.selectPage
2022-10-21 15:59:02,326 DEBUG [main][InternalLoggerFactory.java:61] - Using SLF4J as the default logging framework
2022-10-21 15:59:02,326 DEBUG [main][InternalLoggerFactory.java:61] - Using SLF4J as the default logging framework
2022-10-21 15:59:03,535 WARN [main][JwtAccessTokenConverter.java:302] - Unable to create an RSA verifier from verifierKey (ignoreable if using MAC)
2022-10-21 15:59:03,535 WARN [main][JwtAccessTokenConverter.java:302] - Unable to create an RSA verifier from verifierKey (ignoreable if using MAC)
2022-10-21 15:59:05,835 INFO [main][XxlJobConfig.java:46] - >>>>>>>>>>> xxl-job config init.
2022-10-21 15:59:05,835 INFO [main][XxlJobConfig.java:46] - >>>>>>>>>>> xxl-job config init.
2022-10-21 15:59:07,231 WARN [main][URLConfigurationSource.java:121] - No URLs will be polled as dynamic configuration sources.
2022-10-21 15:59:07,231 WARN [main][URLConfigurationSource.java:121] - No URLs will be polled as dynamic configuration sources.
2022-10-21 15:59:07,232 INFO [main][URLConfigurationSource.java:122] - To enable URLs as dynamic configuration sources, define System property archaius.configurationSource.additionalUrls or make config.properties available on classpath.
2022-10-21 15:59:07,232 INFO [main][URLConfigurationSource.java:122] - To enable URLs as dynamic configuration sources, define System property archaius.configurationSource.additionalUrls or make config.properties available on classpath.
2022-10-21 15:59:07,266 WARN [main][URLConfigurationSource.java:121] - No URLs will be polled as dynamic configuration sources.
2022-10-21 15:59:07,266 WARN [main][URLConfigurationSource.java:121] - No URLs will be polled as dynamic configuration sources.
2022-10-21 15:59:07,267 INFO [main][URLConfigurationSource.java:122] - To enable URLs as dynamic configuration sources, define System property archaius.configurationSource.additionalUrls or make config.properties available on classpath.
2022-10-21 15:59:07,267 INFO [main][URLConfigurationSource.java:122] - To enable URLs as dynamic configuration sources, define System property archaius.configurationSource.additionalUrls or make config.properties available on classpath.
2022-10-21 15:59:07,578 DEBUG [main][ResourceBundleMessageInterpolator.java:172] - Loaded expression factory via original TCCL
2022-10-21 15:59:07,578 DEBUG [main][ResourceBundleMessageInterpolator.java:172] - Loaded expression factory via original TCCL
2022-10-21 15:59:07,690 DEBUG [main][AbstractConfigurationImpl.java:171] - Setting custom MessageInterpolator of type org.springframework.validation.beanvalidation.LocaleContextMessageInterpolator
2022-10-21 15:59:07,690 DEBUG [main][AbstractConfigurationImpl.java:171] - Setting custom MessageInterpolator of type org.springframework.validation.beanvalidation.LocaleContextMessageInterpolator
2022-10-21 15:59:07,695 DEBUG [main][AbstractConfigurationImpl.java:203] - Setting custom ConstraintValidatorFactory of type org.springframework.validation.beanvalidation.SpringConstraintValidatorFactory
2022-10-21 15:59:07,695 DEBUG [main][AbstractConfigurationImpl.java:203] - Setting custom ConstraintValidatorFactory of type org.springframework.validation.beanvalidation.SpringConstraintValidatorFactory
2022-10-21 15:59:07,699 DEBUG [main][AbstractConfigurationImpl.java:217] - Setting custom ParameterNameProvider of type org.springframework.validation.beanvalidation.LocalValidatorFactoryBean$1
2022-10-21 15:59:07,699 DEBUG [main][AbstractConfigurationImpl.java:217] - Setting custom ParameterNameProvider of type org.springframework.validation.beanvalidation.LocalValidatorFactoryBean$1
2022-10-21 15:59:07,706 DEBUG [main][ValidationXmlParser.java:120] - Trying to load META-INF/validation.xml for XML based Validator configuration.
2022-10-21 15:59:07,706 DEBUG [main][ValidationXmlParser.java:120] - Trying to load META-INF/validation.xml for XML based Validator configuration.
2022-10-21 15:59:07,707 DEBUG [main][ResourceLoaderHelper.java:53] - Trying to load META-INF/validation.xml via user class loader
2022-10-21 15:59:07,707 DEBUG [main][ResourceLoaderHelper.java:53] - Trying to load META-INF/validation.xml via user class loader
2022-10-21 15:59:07,709 DEBUG [main][ResourceLoaderHelper.java:60] - Trying to load META-INF/validation.xml via TCCL
2022-10-21 15:59:07,709 DEBUG [main][ResourceLoaderHelper.java:60] - Trying to load META-INF/validation.xml via TCCL
2022-10-21 15:59:07,715 DEBUG [main][ResourceLoaderHelper.java:66] - Trying to load META-INF/validation.xml via Hibernate Validator's class loader
2022-10-21 15:59:07,715 DEBUG [main][ResourceLoaderHelper.java:66] - Trying to load META-INF/validation.xml via Hibernate Validator's class loader
2022-10-21 15:59:07,717 DEBUG [main][ValidationXmlParser.java:127] - No META-INF/validation.xml found. Using annotation based configuration only.
2022-10-21 15:59:07,717 DEBUG [main][ValidationXmlParser.java:127] - No META-INF/validation.xml found. Using annotation based configuration only.
2022-10-21 15:59:07,726 DEBUG [main][TraversableResolvers.java:60] - Cannot find javax.persistence.Persistence on classpath. Assuming non JPA 2 environment. All properties will per default be traversable.
2022-10-21 15:59:07,726 DEBUG [main][TraversableResolvers.java:60] - Cannot find javax.persistence.Persistence on classpath. Assuming non JPA 2 environment. All properties will per default be traversable.
2022-10-21 15:59:07,733 DEBUG [main][ValidatorFactoryConfigurationHelper.java:300] - HV000252: Using org.hibernate.validator.internal.engine.DefaultPropertyNodeNameProvider as property node name provider.
2022-10-21 15:59:07,733 DEBUG [main][ValidatorFactoryConfigurationHelper.java:300] - HV000252: Using org.hibernate.validator.internal.engine.DefaultPropertyNodeNameProvider as property node name provider.
2022-10-21 15:59:07,736 DEBUG [main][ValidatorFactoryConfigurationHelper.java:375] - HV000234: Using org.springframework.validation.beanvalidation.LocaleContextMessageInterpolator as ValidatorFactory-scoped message interpolator.
2022-10-21 15:59:07,736 DEBUG [main][ValidatorFactoryConfigurationHelper.java:375] - HV000234: Using org.springframework.validation.beanvalidation.LocaleContextMessageInterpolator as ValidatorFactory-scoped message interpolator.
2022-10-21 15:59:07,737 DEBUG [main][ValidatorFactoryConfigurationHelper.java:376] - HV000234: Using org.hibernate.validator.internal.engine.resolver.TraverseAllTraversableResolver as ValidatorFactory-scoped traversable resolver.
2022-10-21 15:59:07,737 DEBUG [main][ValidatorFactoryConfigurationHelper.java:376] - HV000234: Using org.hibernate.validator.internal.engine.resolver.TraverseAllTraversableResolver as ValidatorFactory-scoped traversable resolver.
2022-10-21 15:59:07,740 DEBUG [main][ValidatorFactoryConfigurationHelper.java:377] - HV000234: Using org.hibernate.validator.internal.util.ExecutableParameterNameProvider as ValidatorFactory-scoped parameter name provider.
2022-10-21 15:59:07,741 DEBUG [main][ValidatorFactoryConfigurationHelper.java:378] - HV000234: Using org.hibernate.validator.internal.engine.DefaultClockProvider as ValidatorFactory-scoped clock provider.
2022-10-21 15:59:07,741 DEBUG [main][ValidatorFactoryConfigurationHelper.java:379] - HV000234: Using org.hibernate.validator.internal.engine.scripting.DefaultScriptEvaluatorFactory as ValidatorFactory-scoped script evaluator factory.
2022-10-21 15:59:07,740 DEBUG [main][ValidatorFactoryConfigurationHelper.java:377] - HV000234: Using org.hibernate.validator.internal.util.ExecutableParameterNameProvider as ValidatorFactory-scoped parameter name provider.
2022-10-21 15:59:07,741 DEBUG [main][ValidatorFactoryConfigurationHelper.java:378] - HV000234: Using org.hibernate.validator.internal.engine.DefaultClockProvider as ValidatorFactory-scoped clock provider.
2022-10-21 15:59:07,741 DEBUG [main][ValidatorFactoryConfigurationHelper.java:379] - HV000234: Using org.hibernate.validator.internal.engine.scripting.DefaultScriptEvaluatorFactory as ValidatorFactory-scoped script evaluator factory.
2022-10-21 15:59:09,390 INFO [main][ExecutorConfigurationSupport.java:181] - Initializing ExecutorService 'applicationTaskExecutor'
2022-10-21 15:59:09,390 INFO [main][ExecutorConfigurationSupport.java:181] - Initializing ExecutorService 'applicationTaskExecutor'
2022-10-21 15:59:19,580 INFO [main][ExecutorConfigurationSupport.java:181] - Initializing ExecutorService 'Nacos-Watch-Task-Scheduler'
2022-10-21 15:59:19,580 INFO [main][ExecutorConfigurationSupport.java:181] - Initializing ExecutorService 'Nacos-Watch-Task-Scheduler'
2022-10-21 15:59:19,640 INFO [main][InitUtils.java:65] - initializer namespace from System Property :null
2022-10-21 15:59:19,640 INFO [main][InitUtils.java:65] - initializer namespace from System Property :null
2022-10-21 15:59:19,642 INFO [main][InitUtils.java:74] - initializer namespace from System Environment :null
2022-10-21 15:59:19,642 INFO [main][InitUtils.java:74] - initializer namespace from System Environment :null
2022-10-21 15:59:19,644 INFO [main][InitUtils.java:84] - initializer namespace from System Property :null
2022-10-21 15:59:19,644 INFO [main][InitUtils.java:84] - initializer namespace from System Property :null
2022-10-21 15:59:19,675 DEBUG [main][NamingProxy.java:195] - server list provided by user: [192.168.101.65:8848]
2022-10-21 15:59:19,675 DEBUG [main][NamingProxy.java:195] - server list provided by user: [192.168.101.65:8848]
2022-10-21 15:59:19,680 DEBUG [com.alibaba.nacos.client.naming.updater][NamingProxy.java:195] - server list provided by user: [192.168.101.65:8848]
2022-10-21 15:59:19,680 DEBUG [com.alibaba.nacos.client.naming.updater][NamingProxy.java:195] - server list provided by user: [192.168.101.65:8848]
2022-10-21 15:59:19,700 DEBUG [com.alibaba.nacos.naming.failover][FailoverReactor.java:147] - failover switch is not found, failover00-00---000-VIPSRV_FAILOVER_SWITCH-000---00-00
2022-10-21 15:59:19,700 DEBUG [com.alibaba.nacos.naming.failover][FailoverReactor.java:147] - failover switch is not found, failover00-00---000-VIPSRV_FAILOVER_SWITCH-000---00-00
2022-10-21 15:59:24,705 DEBUG [com.alibaba.nacos.naming.failover][FailoverReactor.java:147] - failover switch is not found, failover00-00---000-VIPSRV_FAILOVER_SWITCH-000---00-00
2022-10-21 15:59:24,705 DEBUG [com.alibaba.nacos.naming.failover][FailoverReactor.java:147] - failover switch is not found, failover00-00---000-VIPSRV_FAILOVER_SWITCH-000---00-00
2022-10-21 15:59:27,260 INFO [main][UserDetailsServiceAutoConfiguration.java:86] - 

Using generated security password: fe0e7cc2-2a82-4693-8c1c-66e8fd593500

2022-10-21 15:59:27,260 INFO [main][UserDetailsServiceAutoConfiguration.java:86] - 

Using generated security password: fe0e7cc2-2a82-4693-8c1c-66e8fd593500

2022-10-21 15:59:29,718 DEBUG [com.alibaba.nacos.naming.failover][FailoverReactor.java:147] - failover switch is not found, failover00-00---000-VIPSRV_FAILOVER_SWITCH-000---00-00
2022-10-21 15:59:29,718 DEBUG [com.alibaba.nacos.naming.failover][FailoverReactor.java:147] - failover switch is not found, failover00-00---000-VIPSRV_FAILOVER_SWITCH-000---00-00
2022-10-21 15:59:31,562 INFO [main][DefaultSecurityFilterChain.java:43] - Creating filter chain: any request, [org.springframework.security.web.context.request.async.WebAsyncManagerIntegrationFilter@58d4fe33, org.springframework.security.web.context.SecurityContextPersistenceFilter@16e5c19f, org.springframework.security.web.header.HeaderWriterFilter@35198da3, org.springframework.security.web.authentication.logout.LogoutFilter@60256d1b, org.springframework.security.oauth2.provider.authentication.OAuth2AuthenticationProcessingFilter@1a06ec24, org.springframework.security.web.savedrequest.RequestCacheAwareFilter@7ddcd3d, org.springframework.security.web.servletapi.SecurityContextHolderAwareRequestFilter@6b04689e, org.springframework.security.web.authentication.AnonymousAuthenticationFilter@1952ad9d, org.springframework.security.web.session.SessionManagementFilter@7bc4ac3e, org.springframework.security.web.access.ExceptionTranslationFilter@5b4b6f3b, org.springframework.security.web.access.intercept.FilterSecurityInterceptor@f9ac719]
2022-10-21 15:59:31,562 INFO [main][DefaultSecurityFilterChain.java:43] - Creating filter chain: any request, [org.springframework.security.web.context.request.async.WebAsyncManagerIntegrationFilter@58d4fe33, org.springframework.security.web.context.SecurityContextPersistenceFilter@16e5c19f, org.springframework.security.web.header.HeaderWriterFilter@35198da3, org.springframework.security.web.authentication.logout.LogoutFilter@60256d1b, org.springframework.security.oauth2.provider.authentication.OAuth2AuthenticationProcessingFilter@1a06ec24, org.springframework.security.web.savedrequest.RequestCacheAwareFilter@7ddcd3d, org.springframework.security.web.servletapi.SecurityContextHolderAwareRequestFilter@6b04689e, org.springframework.security.web.authentication.AnonymousAuthenticationFilter@1952ad9d, org.springframework.security.web.session.SessionManagementFilter@7bc4ac3e, org.springframework.security.web.access.ExceptionTranslationFilter@5b4b6f3b, org.springframework.security.web.access.intercept.FilterSecurityInterceptor@f9ac719]
2022-10-21 15:59:33,142 WARN [main][FreeMarkerAutoConfiguration.java:65] - Cannot find template location(s): [classpath:/templates/] (please add some templates, check your FreeMarker configuration, or set spring.freemarker.checkTemplateLocation=false)
2022-10-21 15:59:33,142 WARN [main][FreeMarkerAutoConfiguration.java:65] - Cannot find template location(s): [classpath:/templates/] (please add some templates, check your FreeMarker configuration, or set spring.freemarker.checkTemplateLocation=false)
2022-10-21 15:59:34,720 DEBUG [com.alibaba.nacos.naming.failover][FailoverReactor.java:147] - failover switch is not found, failover00-00---000-VIPSRV_FAILOVER_SWITCH-000---00-00
2022-10-21 15:59:34,720 DEBUG [com.alibaba.nacos.naming.failover][FailoverReactor.java:147] - failover switch is not found, failover00-00---000-VIPSRV_FAILOVER_SWITCH-000---00-00
2022-10-21 15:59:39,796 DEBUG [com.alibaba.nacos.naming.failover][FailoverReactor.java:147] - failover switch is not found, failover00-00---000-VIPSRV_FAILOVER_SWITCH-000---00-00
2022-10-21 15:59:39,796 DEBUG [com.alibaba.nacos.naming.failover][FailoverReactor.java:147] - failover switch is not found, failover00-00---000-VIPSRV_FAILOVER_SWITCH-000---00-00
2022-10-21 15:59:39,862 WARN [main][SpringCloudSecurityAutoConfiguration.java:38] - All Spring Cloud Security modules and starters are deprecated. They will be moved to individual projects in the next major release.
2022-10-21 15:59:39,862 WARN [main][SpringCloudSecurityAutoConfiguration.java:38] - All Spring Cloud Security modules and starters are deprecated. They will be moved to individual projects in the next major release.
2022-10-21 15:59:40,222 INFO [main][EndpointLinksResolver.java:58] - Exposing 2 endpoint(s) beneath base path '/actuator'
2022-10-21 15:59:40,222 INFO [main][EndpointLinksResolver.java:58] - Exposing 2 endpoint(s) beneath base path '/actuator'
2022-10-21 15:59:41,057 INFO [main][XxlJobExecutor.java:183] - >>>>>>>>>>> xxl-job register jobhandler success, name:NotifyPayResultJobHandler, jobHandler:com.xxl.job.core.handler.impl.MethodJobHandler@4a0fc665[class com.xuecheng.orders.jobhandler.PayNotifyTask#notifyPayResultJobHandler]
2022-10-21 15:59:41,057 INFO [main][XxlJobExecutor.java:183] - >>>>>>>>>>> xxl-job register jobhandler success, name:NotifyPayResultJobHandler, jobHandler:com.xxl.job.core.handler.impl.MethodJobHandler@4a0fc665[class com.xuecheng.orders.jobhandler.PayNotifyTask#notifyPayResultJobHandler]
2022-10-21 15:59:41,777 DEBUG [Thread-18][InternalLoggerFactory.java:45] - Using SLF4J as the default logging framework
2022-10-21 15:59:41,777 DEBUG [Thread-18][InternalLoggerFactory.java:45] - Using SLF4J as the default logging framework
2022-10-21 15:59:41,849 DEBUG [Thread-18][MultithreadEventLoopGroup.java:44] - -Dio.netty.eventLoopThreads: 16
2022-10-21 15:59:41,849 DEBUG [Thread-18][MultithreadEventLoopGroup.java:44] - -Dio.netty.eventLoopThreads: 16
2022-10-21 15:59:42,123 DEBUG [Thread-18][InternalThreadLocalMap.java:56] - -Dio.netty.threadLocalMap.stringBuilder.initialSize: 1024
2022-10-21 15:59:42,123 DEBUG [Thread-18][InternalThreadLocalMap.java:56] - -Dio.netty.threadLocalMap.stringBuilder.initialSize: 1024
2022-10-21 15:59:42,125 DEBUG [Thread-18][InternalThreadLocalMap.java:59] - -Dio.netty.threadLocalMap.stringBuilder.maxSize: 4096
2022-10-21 15:59:42,125 DEBUG [Thread-18][InternalThreadLocalMap.java:59] - -Dio.netty.threadLocalMap.stringBuilder.maxSize: 4096
2022-10-21 15:59:42,314 DEBUG [Thread-18][NioEventLoop.java:106] - -Dio.netty.noKeySetOptimization: false
2022-10-21 15:59:42,314 DEBUG [Thread-18][NioEventLoop.java:106] - -Dio.netty.noKeySetOptimization: false
2022-10-21 15:59:42,315 DEBUG [Thread-18][NioEventLoop.java:107] - -Dio.netty.selectorAutoRebuildThreshold: 512
2022-10-21 15:59:42,315 DEBUG [Thread-18][NioEventLoop.java:107] - -Dio.netty.selectorAutoRebuildThreshold: 512
2022-10-21 15:59:42,423 DEBUG [main][HostReactor.java:306] - failover-mode: false
2022-10-21 15:59:42,423 DEBUG [main][HostReactor.java:306] - failover-mode: false
2022-10-21 15:59:42,431 DEBUG [main][NacosRestTemplate.java:476] - HTTP method: GET, url: http://192.168.101.65:8848/nacos/v1/ns/instance/list?app=unknown&healthyOnly=false&namespaceId=dev148&clientIP=192.168.73.254&serviceName=xuecheng-plus-project%40%40orders-api&udpPort=59353&clusters=DEFAULT, body: {}
2022-10-21 15:59:42,431 DEBUG [main][NacosRestTemplate.java:476] - HTTP method: GET, url: http://192.168.101.65:8848/nacos/v1/ns/instance/list?app=unknown&healthyOnly=false&namespaceId=dev148&clientIP=192.168.73.254&serviceName=xuecheng-plus-project%40%40orders-api&udpPort=59353&clusters=DEFAULT, body: {}
2022-10-21 15:59:42,706 DEBUG [Thread-18][PlatformDependent.java:1036] - Platform: Windows
2022-10-21 15:59:42,706 DEBUG [Thread-18][PlatformDependent.java:1036] - Platform: Windows
2022-10-21 15:59:42,712 DEBUG [Thread-18][PlatformDependent0.java:417] - -Dio.netty.noUnsafe: false
2022-10-21 15:59:42,712 DEBUG [Thread-18][PlatformDependent0.java:417] - -Dio.netty.noUnsafe: false
2022-10-21 15:59:42,713 DEBUG [Thread-18][PlatformDependent0.java:897] - Java version: 8
2022-10-21 15:59:42,713 DEBUG [Thread-18][PlatformDependent0.java:897] - Java version: 8
2022-10-21 15:59:42,715 DEBUG [Thread-18][PlatformDependent0.java:130] - sun.misc.Unsafe.theUnsafe: available
2022-10-21 15:59:42,715 DEBUG [Thread-18][PlatformDependent0.java:130] - sun.misc.Unsafe.theUnsafe: available
2022-10-21 15:59:42,717 DEBUG [Thread-18][PlatformDependent0.java:154] - sun.misc.Unsafe.copyMemory: available
2022-10-21 15:59:42,717 DEBUG [Thread-18][PlatformDependent0.java:154] - sun.misc.Unsafe.copyMemory: available
2022-10-21 15:59:42,719 DEBUG [Thread-18][PlatformDependent0.java:192] - java.nio.Buffer.address: available
2022-10-21 15:59:42,719 DEBUG [Thread-18][PlatformDependent0.java:192] - java.nio.Buffer.address: available
2022-10-21 15:59:42,721 DEBUG [Thread-18][PlatformDependent0.java:257] - direct buffer constructor: available
2022-10-21 15:59:42,721 DEBUG [Thread-18][PlatformDependent0.java:257] - direct buffer constructor: available
2022-10-21 15:59:42,723 DEBUG [Thread-18][PlatformDependent0.java:331] - java.nio.Bits.unaligned: available, true
2022-10-21 15:59:42,723 DEBUG [Thread-18][PlatformDependent0.java:331] - java.nio.Bits.unaligned: available, true
2022-10-21 15:59:42,726 DEBUG [Thread-18][PlatformDependent0.java:396] - jdk.internal.misc.Unsafe.allocateUninitializedArray(int): unavailable prior to Java9
2022-10-21 15:59:42,726 DEBUG [Thread-18][PlatformDependent0.java:396] - jdk.internal.misc.Unsafe.allocateUninitializedArray(int): unavailable prior to Java9
2022-10-21 15:59:42,727 DEBUG [Thread-18][PlatformDependent0.java:403] - java.nio.DirectByteBuffer.<init>(long, int): available
2022-10-21 15:59:42,727 DEBUG [Thread-18][PlatformDependent0.java:403] - java.nio.DirectByteBuffer.<init>(long, int): available
2022-10-21 15:59:42,727 DEBUG [Thread-18][PlatformDependent.java:1079] - sun.misc.Unsafe: available
2022-10-21 15:59:42,727 DEBUG [Thread-18][PlatformDependent.java:1079] - sun.misc.Unsafe: available
2022-10-21 15:59:42,739 DEBUG [Thread-18][PlatformDependent.java:1200] - -Dio.netty.tmpdir: C:\Users\mrt\AppData\Local\Temp (java.io.tmpdir)
2022-10-21 15:59:42,739 DEBUG [Thread-18][PlatformDependent.java:1200] - -Dio.netty.tmpdir: C:\Users\mrt\AppData\Local\Temp (java.io.tmpdir)
2022-10-21 15:59:42,741 DEBUG [Thread-18][PlatformDependent.java:1279] - -Dio.netty.bitMode: 64 (sun.arch.data.model)
2022-10-21 15:59:42,741 DEBUG [Thread-18][PlatformDependent.java:1279] - -Dio.netty.bitMode: 64 (sun.arch.data.model)
2022-10-21 15:59:42,759 DEBUG [Thread-18][PlatformDependent.java:177] - -Dio.netty.maxDirectMemory: 7578058752 bytes
2022-10-21 15:59:42,759 DEBUG [Thread-18][PlatformDependent.java:177] - -Dio.netty.maxDirectMemory: 7578058752 bytes
2022-10-21 15:59:42,760 DEBUG [Thread-18][PlatformDependent.java:184] - -Dio.netty.uninitializedArrayAllocationThreshold: -1
2022-10-21 15:59:42,760 DEBUG [Thread-18][PlatformDependent.java:184] - -Dio.netty.uninitializedArrayAllocationThreshold: -1
2022-10-21 15:59:42,764 DEBUG [Thread-18][CleanerJava6.java:92] - java.nio.ByteBuffer.cleaner(): available
2022-10-21 15:59:42,764 DEBUG [Thread-18][CleanerJava6.java:92] - java.nio.ByteBuffer.cleaner(): available
2022-10-21 15:59:42,765 DEBUG [Thread-18][PlatformDependent.java:204] - -Dio.netty.noPreferDirect: false
2022-10-21 15:59:42,765 DEBUG [Thread-18][PlatformDependent.java:204] - -Dio.netty.noPreferDirect: false
2022-10-21 15:59:42,866 DEBUG [Thread-18][PlatformDependent.java:940] - org.jctools-core.MpscChunkedArrayQueue: available
2022-10-21 15:59:42,866 DEBUG [Thread-18][PlatformDependent.java:940] - org.jctools-core.MpscChunkedArrayQueue: available
2022-10-21 15:59:43,289 DEBUG [Thread-18][DefaultChannelId.java:79] - -Dio.netty.processId: 30456 (auto-detected)
2022-10-21 15:59:43,289 DEBUG [Thread-18][DefaultChannelId.java:79] - -Dio.netty.processId: 30456 (auto-detected)
2022-10-21 15:59:43,298 DEBUG [Thread-18][NetUtil.java:135] - -Djava.net.preferIPv4Stack: false
2022-10-21 15:59:43,298 DEBUG [Thread-18][NetUtil.java:135] - -Djava.net.preferIPv4Stack: false
2022-10-21 15:59:43,298 DEBUG [Thread-18][NetUtil.java:136] - -Djava.net.preferIPv6Addresses: false
2022-10-21 15:59:43,298 DEBUG [Thread-18][NetUtil.java:136] - -Djava.net.preferIPv6Addresses: false
2022-10-21 15:59:43,333 INFO [main][HostReactor.java:232] - new ips(1) service: xuecheng-plus-project@@orders-api@@DEFAULT -> [{"instanceId":"192.168.85.1#63030#DEFAULT#xuecheng-plus-project@@orders-api","ip":"192.168.85.1","port":63030,"weight":1.0,"healthy":true,"enabled":true,"ephemeral":true,"clusterName":"DEFAULT","serviceName":"xuecheng-plus-project@@orders-api","metadata":{"preserved.register.source":"SPRING_CLOUD"},"instanceHeartBeatInterval":5000,"instanceHeartBeatTimeOut":15000,"ipDeleteTimeout":30000}]
2022-10-21 15:59:43,333 INFO [main][HostReactor.java:232] - new ips(1) service: xuecheng-plus-project@@orders-api@@DEFAULT -> [{"instanceId":"192.168.85.1#63030#DEFAULT#xuecheng-plus-project@@orders-api","ip":"192.168.85.1","port":63030,"weight":1.0,"healthy":true,"enabled":true,"ephemeral":true,"clusterName":"DEFAULT","serviceName":"xuecheng-plus-project@@orders-api","metadata":{"preserved.register.source":"SPRING_CLOUD"},"instanceHeartBeatInterval":5000,"instanceHeartBeatTimeOut":15000,"ipDeleteTimeout":30000}]
2022-10-21 15:59:43,345 DEBUG [nacos.publisher-com.alibaba.nacos.client.naming.event.InstancesChangeEvent][DefaultPublisher.java:193] - [NotifyCenter] the com.alibaba.nacos.client.naming.event.InstancesChangeEvent@64760086 will received by com.alibaba.nacos.client.naming.event.InstancesChangeNotifier@3e5cbcfe
2022-10-21 15:59:43,345 DEBUG [nacos.publisher-com.alibaba.nacos.client.naming.event.InstancesChangeEvent][DefaultPublisher.java:193] - [NotifyCenter] the com.alibaba.nacos.client.naming.event.InstancesChangeEvent@64760086 will received by com.alibaba.nacos.client.naming.event.InstancesChangeNotifier@3e5cbcfe
2022-10-21 15:59:43,374 INFO [main][HostReactor.java:271] - current ips:(1) service: xuecheng-plus-project@@orders-api@@DEFAULT -> [{"instanceId":"192.168.85.1#63030#DEFAULT#xuecheng-plus-project@@orders-api","ip":"192.168.85.1","port":63030,"weight":1.0,"healthy":true,"enabled":true,"ephemeral":true,"clusterName":"DEFAULT","serviceName":"xuecheng-plus-project@@orders-api","metadata":{"preserved.register.source":"SPRING_CLOUD"},"instanceHeartBeatInterval":5000,"instanceHeartBeatTimeOut":15000,"ipDeleteTimeout":30000}]
2022-10-21 15:59:43,374 INFO [main][HostReactor.java:271] - current ips:(1) service: xuecheng-plus-project@@orders-api@@DEFAULT -> [{"instanceId":"192.168.85.1#63030#DEFAULT#xuecheng-plus-project@@orders-api","ip":"192.168.85.1","port":63030,"weight":1.0,"healthy":true,"enabled":true,"ephemeral":true,"clusterName":"DEFAULT","serviceName":"xuecheng-plus-project@@orders-api","metadata":{"preserved.register.source":"SPRING_CLOUD"},"instanceHeartBeatInterval":5000,"instanceHeartBeatTimeOut":15000,"ipDeleteTimeout":30000}]
2022-10-21 15:59:43,409 INFO [main][AbstractConnectionFactory.java:558] - Attempting to connect to: [192.168.101.65:5672]
2022-10-21 15:59:43,409 INFO [main][AbstractConnectionFactory.java:558] - Attempting to connect to: [192.168.101.65:5672]
2022-10-21 15:59:44,061 INFO [main][AbstractConnectionFactory.java:511] - Created new connection: rabbitConnectionFactory#215c6ec0:0/SimpleConnection@6d71f296 [delegate=amqp://guest@192.168.101.65:5672/, localPort= 64216]
2022-10-21 15:59:44,061 INFO [main][AbstractConnectionFactory.java:511] - Created new connection: rabbitConnectionFactory#215c6ec0:0/SimpleConnection@6d71f296 [delegate=amqp://guest@192.168.101.65:5672/, localPort= 64216]
2022-10-21 15:59:44,383 DEBUG [com.alibaba.nacos.client.naming.updater][NacosRestTemplate.java:476] - HTTP method: GET, url: http://192.168.101.65:8848/nacos/v1/ns/instance/list?app=unknown&healthyOnly=false&namespaceId=dev148&clientIP=192.168.73.254&serviceName=xuecheng-plus-project%40%40orders-api&udpPort=59353&clusters=DEFAULT, body: {}
2022-10-21 15:59:44,383 DEBUG [com.alibaba.nacos.client.naming.updater][NacosRestTemplate.java:476] - HTTP method: GET, url: http://192.168.101.65:8848/nacos/v1/ns/instance/list?app=unknown&healthyOnly=false&namespaceId=dev148&clientIP=192.168.73.254&serviceName=xuecheng-plus-project%40%40orders-api&udpPort=59353&clusters=DEFAULT, body: {}
2022-10-21 15:59:44,575 INFO [main][StartupInfoLogger.java:61] - Started AliPayTest in 105.713 seconds (JVM running for 120.528)
2022-10-21 15:59:44,575 INFO [main][StartupInfoLogger.java:61] - Started AliPayTest in 105.713 seconds (JVM running for 120.528)
2022-10-21 15:59:44,664 INFO [main][ClientWorker.java:169] - [fixed-192.168.101.65_8848-dev148] [subscribe] swagger-dev.yaml+xuecheng-plus-common+dev148
2022-10-21 15:59:44,664 INFO [main][ClientWorker.java:169] - [fixed-192.168.101.65_8848-dev148] [subscribe] swagger-dev.yaml+xuecheng-plus-common+dev148
2022-10-21 15:59:44,667 INFO [main][CacheData.java:92] - [fixed-192.168.101.65_8848-dev148] [add-listener] ok, tenant=dev148, dataId=swagger-dev.yaml, group=xuecheng-plus-common, cnt=1
2022-10-21 15:59:44,667 INFO [main][CacheData.java:92] - [fixed-192.168.101.65_8848-dev148] [add-listener] ok, tenant=dev148, dataId=swagger-dev.yaml, group=xuecheng-plus-common, cnt=1
2022-10-21 15:59:44,677 INFO [main][ClientWorker.java:169] - [fixed-192.168.101.65_8848-dev148] [subscribe] rabbitmq-dev.yaml+xuecheng-plus-common+dev148
2022-10-21 15:59:44,677 INFO [main][ClientWorker.java:169] - [fixed-192.168.101.65_8848-dev148] [subscribe] rabbitmq-dev.yaml+xuecheng-plus-common+dev148
2022-10-21 15:59:44,677 INFO [main][CacheData.java:92] - [fixed-192.168.101.65_8848-dev148] [add-listener] ok, tenant=dev148, dataId=rabbitmq-dev.yaml, group=xuecheng-plus-common, cnt=1
2022-10-21 15:59:44,677 INFO [main][CacheData.java:92] - [fixed-192.168.101.65_8848-dev148] [add-listener] ok, tenant=dev148, dataId=rabbitmq-dev.yaml, group=xuecheng-plus-common, cnt=1
2022-10-21 15:59:44,677 DEBUG [com.alibaba.nacos.client.Worker.longPolling.fixed-192.168.101.65_8848-dev148][NacosRestTemplate.java:476] - HTTP method: POST, url: http://192.168.101.65:8848/nacos/v1/cs/configs/listener, body: {Listening-Configs=swagger-dev.yamlxuecheng-plus-common9c0d3be98c5a9ff620445bd718ea10addev148, tenant=dev148}
2022-10-21 15:59:44,680 DEBUG [com.alibaba.nacos.client.Worker.longPolling.fixed-192.168.101.65_8848-dev148][NacosRestTemplate.java:494] - Execute via interceptors :[com.alibaba.nacos.client.config.impl.ConfigHttpClientManager$LimiterHttpClientRequestInterceptor@51c70e9]
2022-10-21 15:59:44,677 DEBUG [com.alibaba.nacos.client.Worker.longPolling.fixed-192.168.101.65_8848-dev148][NacosRestTemplate.java:476] - HTTP method: POST, url: http://192.168.101.65:8848/nacos/v1/cs/configs/listener, body: {Listening-Configs=swagger-dev.yamlxuecheng-plus-common9c0d3be98c5a9ff620445bd718ea10addev148, tenant=dev148}
2022-10-21 15:59:44,680 DEBUG [com.alibaba.nacos.client.Worker.longPolling.fixed-192.168.101.65_8848-dev148][NacosRestTemplate.java:494] - Execute via interceptors :[com.alibaba.nacos.client.config.impl.ConfigHttpClientManager$LimiterHttpClientRequestInterceptor@51c70e9]
2022-10-21 15:59:44,693 INFO [main][ClientWorker.java:169] - [fixed-192.168.101.65_8848-dev148] [subscribe] orders-api.yaml+xuecheng-plus-project+dev148
2022-10-21 15:59:44,693 INFO [main][ClientWorker.java:169] - [fixed-192.168.101.65_8848-dev148] [subscribe] orders-api.yaml+xuecheng-plus-project+dev148
2022-10-21 15:59:44,695 INFO [main][CacheData.java:92] - [fixed-192.168.101.65_8848-dev148] [add-listener] ok, tenant=dev148, dataId=orders-api.yaml, group=xuecheng-plus-project, cnt=1
2022-10-21 15:59:44,695 INFO [main][CacheData.java:92] - [fixed-192.168.101.65_8848-dev148] [add-listener] ok, tenant=dev148, dataId=orders-api.yaml, group=xuecheng-plus-project, cnt=1
2022-10-21 15:59:44,700 INFO [main][ClientWorker.java:169] - [fixed-192.168.101.65_8848-dev148] [subscribe] orders-api-dev.yaml+xuecheng-plus-project+dev148
2022-10-21 15:59:44,700 INFO [main][ClientWorker.java:169] - [fixed-192.168.101.65_8848-dev148] [subscribe] orders-api-dev.yaml+xuecheng-plus-project+dev148
2022-10-21 15:59:44,701 INFO [main][CacheData.java:92] - [fixed-192.168.101.65_8848-dev148] [add-listener] ok, tenant=dev148, dataId=orders-api-dev.yaml, group=xuecheng-plus-project, cnt=1
2022-10-21 15:59:44,701 INFO [main][CacheData.java:92] - [fixed-192.168.101.65_8848-dev148] [add-listener] ok, tenant=dev148, dataId=orders-api-dev.yaml, group=xuecheng-plus-project, cnt=1
2022-10-21 15:59:44,703 INFO [main][ClientWorker.java:169] - [fixed-192.168.101.65_8848-dev148] [subscribe] orders-api+xuecheng-plus-project+dev148
2022-10-21 15:59:44,703 INFO [main][ClientWorker.java:169] - [fixed-192.168.101.65_8848-dev148] [subscribe] orders-api+xuecheng-plus-project+dev148
2022-10-21 15:59:44,705 INFO [main][CacheData.java:92] - [fixed-192.168.101.65_8848-dev148] [add-listener] ok, tenant=dev148, dataId=orders-api, group=xuecheng-plus-project, cnt=1
2022-10-21 15:59:44,705 INFO [main][CacheData.java:92] - [fixed-192.168.101.65_8848-dev148] [add-listener] ok, tenant=dev148, dataId=orders-api, group=xuecheng-plus-project, cnt=1
2022-10-21 15:59:44,713 INFO [main][ClientWorker.java:169] - [fixed-192.168.101.65_8848-dev148] [subscribe] orders-service-dev.yaml+xuecheng-plus-project+dev148
2022-10-21 15:59:44,715 INFO [main][CacheData.java:92] - [fixed-192.168.101.65_8848-dev148] [add-listener] ok, tenant=dev148, dataId=orders-service-dev.yaml, group=xuecheng-plus-project, cnt=1
2022-10-21 15:59:44,721 INFO [main][ClientWorker.java:169] - [fixed-192.168.101.65_8848-dev148] [subscribe] logging-dev.yaml+xuecheng-plus-common+dev148
2022-10-21 15:59:44,722 INFO [main][CacheData.java:92] - [fixed-192.168.101.65_8848-dev148] [add-listener] ok, tenant=dev148, dataId=logging-dev.yaml, group=xuecheng-plus-common, cnt=1
2022-10-21 15:59:44,713 INFO [main][ClientWorker.java:169] - [fixed-192.168.101.65_8848-dev148] [subscribe] orders-service-dev.yaml+xuecheng-plus-project+dev148
2022-10-21 15:59:44,715 INFO [main][CacheData.java:92] - [fixed-192.168.101.65_8848-dev148] [add-listener] ok, tenant=dev148, dataId=orders-service-dev.yaml, group=xuecheng-plus-project, cnt=1
2022-10-21 15:59:44,721 INFO [main][ClientWorker.java:169] - [fixed-192.168.101.65_8848-dev148] [subscribe] logging-dev.yaml+xuecheng-plus-common+dev148
2022-10-21 15:59:44,722 INFO [main][CacheData.java:92] - [fixed-192.168.101.65_8848-dev148] [add-listener] ok, tenant=dev148, dataId=logging-dev.yaml, group=xuecheng-plus-common, cnt=1
2022-10-21 15:59:44,759 DEBUG [com.alibaba.nacos.client.Worker.longPolling.fixed-192.168.101.65_8848-dev148][NacosRestTemplate.java:476] - HTTP method: POST, url: http://192.168.101.65:8848/nacos/v1/cs/configs/listener, body: {Listening-Configs=swagger-dev.yamlxuecheng-plus-common9c0d3be98c5a9ff620445bd718ea10addev148rabbitmq-dev.yamlxuecheng-plus-common9a2acc646d17166ee29989751faceaeadev148orders-api-dev.yamlxuecheng-plus-projectd59b8d47eca72ae86f40c900d35cb2d6dev148orders-service-dev.yamlxuecheng-plus-project8da9d76cf7f2d7042fe6fca8a0f128bddev148orders-api.yamlxuecheng-plus-projectdev148logging-dev.yamlxuecheng-plus-commoncf8b1af28beb25b242f97519c8f2c560dev148orders-apixuecheng-plus-projectdev148, tenant=dev148}
2022-10-21 15:59:44,759 DEBUG [com.alibaba.nacos.client.Worker.longPolling.fixed-192.168.101.65_8848-dev148][NacosRestTemplate.java:476] - HTTP method: POST, url: http://192.168.101.65:8848/nacos/v1/cs/configs/listener, body: {Listening-Configs=swagger-dev.yamlxuecheng-plus-common9c0d3be98c5a9ff620445bd718ea10addev148rabbitmq-dev.yamlxuecheng-plus-common9a2acc646d17166ee29989751faceaeadev148orders-api-dev.yamlxuecheng-plus-projectd59b8d47eca72ae86f40c900d35cb2d6dev148orders-service-dev.yamlxuecheng-plus-project8da9d76cf7f2d7042fe6fca8a0f128bddev148orders-api.yamlxuecheng-plus-projectdev148logging-dev.yamlxuecheng-plus-commoncf8b1af28beb25b242f97519c8f2c560dev148orders-apixuecheng-plus-projectdev148, tenant=dev148}
2022-10-21 15:59:44,760 DEBUG [com.alibaba.nacos.client.Worker.longPolling.fixed-192.168.101.65_8848-dev148][NacosRestTemplate.java:494] - Execute via interceptors :[com.alibaba.nacos.client.config.impl.ConfigHttpClientManager$LimiterHttpClientRequestInterceptor@51c70e9]
2022-10-21 15:59:44,760 DEBUG [com.alibaba.nacos.client.Worker.longPolling.fixed-192.168.101.65_8848-dev148][NacosRestTemplate.java:494] - Execute via interceptors :[com.alibaba.nacos.client.config.impl.ConfigHttpClientManager$LimiterHttpClientRequestInterceptor@51c70e9]
2022-10-21 15:59:44,772 DEBUG [com.alibaba.nacos.client.Worker.longPolling.fixed-192.168.101.65_8848-dev148][NacosRestTemplate.java:476] - HTTP method: POST, url: http://192.168.101.65:8848/nacos/v1/cs/configs/listener, body: {Listening-Configs=swagger-dev.yamlxuecheng-plus-common9c0d3be98c5a9ff620445bd718ea10addev148rabbitmq-dev.yamlxuecheng-plus-common9a2acc646d17166ee29989751faceaeadev148orders-api-dev.yamlxuecheng-plus-projectd59b8d47eca72ae86f40c900d35cb2d6dev148orders-service-dev.yamlxuecheng-plus-project8da9d76cf7f2d7042fe6fca8a0f128bddev148orders-api.yamlxuecheng-plus-projectdev148logging-dev.yamlxuecheng-plus-commoncf8b1af28beb25b242f97519c8f2c560dev148orders-apixuecheng-plus-projectdev148, tenant=dev148}
2022-10-21 15:59:44,772 DEBUG [com.alibaba.nacos.client.Worker.longPolling.fixed-192.168.101.65_8848-dev148][NacosRestTemplate.java:476] - HTTP method: POST, url: http://192.168.101.65:8848/nacos/v1/cs/configs/listener, body: {Listening-Configs=swagger-dev.yamlxuecheng-plus-common9c0d3be98c5a9ff620445bd718ea10addev148rabbitmq-dev.yamlxuecheng-plus-common9a2acc646d17166ee29989751faceaeadev148orders-api-dev.yamlxuecheng-plus-projectd59b8d47eca72ae86f40c900d35cb2d6dev148orders-service-dev.yamlxuecheng-plus-project8da9d76cf7f2d7042fe6fca8a0f128bddev148orders-api.yamlxuecheng-plus-projectdev148logging-dev.yamlxuecheng-plus-commoncf8b1af28beb25b242f97519c8f2c560dev148orders-apixuecheng-plus-projectdev148, tenant=dev148}
2022-10-21 15:59:44,773 DEBUG [com.alibaba.nacos.client.Worker.longPolling.fixed-192.168.101.65_8848-dev148][NacosRestTemplate.java:494] - Execute via interceptors :[com.alibaba.nacos.client.config.impl.ConfigHttpClientManager$LimiterHttpClientRequestInterceptor@51c70e9]
2022-10-21 15:59:44,773 DEBUG [com.alibaba.nacos.client.Worker.longPolling.fixed-192.168.101.65_8848-dev148][NacosRestTemplate.java:494] - Execute via interceptors :[com.alibaba.nacos.client.config.impl.ConfigHttpClientManager$LimiterHttpClientRequestInterceptor@51c70e9]
2022-10-21 15:59:44,801 DEBUG [com.alibaba.nacos.naming.failover][FailoverReactor.java:147] - failover switch is not found, failover00-00---000-VIPSRV_FAILOVER_SWITCH-000---00-00
2022-10-21 15:59:44,801 DEBUG [com.alibaba.nacos.naming.failover][FailoverReactor.java:147] - failover switch is not found, failover00-00---000-VIPSRV_FAILOVER_SWITCH-000---00-00
2022-10-21 15:59:46,815 DEBUG [Thread-18][NetUtilInitializations.java:129] - Loopback interface: lo (Software Loopback Interface 1, 127.0.0.1)
2022-10-21 15:59:46,815 DEBUG [Thread-18][NetUtilInitializations.java:129] - Loopback interface: lo (Software Loopback Interface 1, 127.0.0.1)
2022-10-21 15:59:46,822 DEBUG [Thread-18][NetUtil.java:187] - Failed to get SOMAXCONN from sysctl and file \proc\sys\net\core\somaxconn. Default: 200
2022-10-21 15:59:46,822 DEBUG [Thread-18][NetUtil.java:187] - Failed to get SOMAXCONN from sysctl and file \proc\sys\net\core\somaxconn. Default: 200
2022-10-21 15:59:47,626 DEBUG [main][AlipayLogger.java:202] - 2022-10-21 15:59:47^_^https://openapi.alipaydev.com/gateway.do?alipay_sdk=alipay-sdk-java-3.7.73.ALL&app_id=2016101900725017&biz_content=%7B%22out_trade_no%22%3A%2220220320010101011%22%7D&charset=UTF-8&format=json&method=alipay.trade.query&sign=YC0he0fX1HvInugaUQCh3JtXBE%2BTxMnrOFhifDe3vAw62x7cw4F6%2ByXzIcOA5%2F4GfghgtOv%2FcPRtry7abfcXoegGw%2FKhTIdJuqoGOCwOLt16UkVzN7zuuGgxOpJcSoPb3F8%2BVIsrjgC%2FvMKVbxw8cVyMqZBQEvQluJ9mT%2BSW6KeCXy%2FLKjpc5%2Bn8ZP%2Fk5TnVUvx%2But2bTKPXj042t5bqNiB5sbVfP0W6n0CEmqPFvBMZCfe%2BrqSl%2BaK8ptWrTmI%2BXDyEjZ%2Bn2VCQ3cSfwTN1N4i9Spoq7162IH4ZF%2BdurPol81K9007qsDIMs4EBSQK%2B1CAgoYLaN2OTvsQSkNPnDQ%3D%3D&sign_type=RSA2&timestamp=2022-10-21+15%3A59%3A47&version=1.0
2022-10-21 15:59:47,626 DEBUG [main][AlipayLogger.java:202] - 2022-10-21 15:59:47^_^https://openapi.alipaydev.com/gateway.do?alipay_sdk=alipay-sdk-java-3.7.73.ALL&app_id=2016101900725017&biz_content=%7B%22out_trade_no%22%3A%2220220320010101011%22%7D&charset=UTF-8&format=json&method=alipay.trade.query&sign=YC0he0fX1HvInugaUQCh3JtXBE%2BTxMnrOFhifDe3vAw62x7cw4F6%2ByXzIcOA5%2F4GfghgtOv%2FcPRtry7abfcXoegGw%2FKhTIdJuqoGOCwOLt16UkVzN7zuuGgxOpJcSoPb3F8%2BVIsrjgC%2FvMKVbxw8cVyMqZBQEvQluJ9mT%2BSW6KeCXy%2FLKjpc5%2Bn8ZP%2Fk5TnVUvx%2But2bTKPXj042t5bqNiB5sbVfP0W6n0CEmqPFvBMZCfe%2BrqSl%2BaK8ptWrTmI%2BXDyEjZ%2Bn2VCQ3cSfwTN1N4i9Spoq7162IH4ZF%2BdurPol81K9007qsDIMs4EBSQK%2B1CAgoYLaN2OTvsQSkNPnDQ%3D%3D&sign_type=RSA2&timestamp=2022-10-21+15%3A59%3A47&version=1.0
2022-10-21 15:59:48,673 INFO [main][AlipayLogger.java:366] - Summary^_^10000^_^null^_^ProtocalMustParams:charset=UTF-8&method=alipay.trade.query&sign=YC0he0fX1HvInugaUQCh3JtXBE+TxMnrOFhifDe3vAw62x7cw4F6+yXzIcOA5/4GfghgtOv/cPRtry7abfcXoegGw/KhTIdJuqoGOCwOLt16UkVzN7zuuGgxOpJcSoPb3F8+VIsrjgC/vMKVbxw8cVyMqZBQEvQluJ9mT+SW6KeCXy/LKjpc5+n8ZP/k5TnVUvx+ut2bTKPXj042t5bqNiB5sbVfP0W6n0CEmqPFvBMZCfe+rqSl+aK8ptWrTmI+XDyEjZ+n2VCQ3cSfwTN1N4i9Spoq7162IH4ZF+durPol81K9007qsDIMs4EBSQK+1CAgoYLaN2OTvsQSkNPnDQ==&version=1.0&app_id=2016101900725017&sign_type=RSA2&timestamp=2022-10-21 15:59:47^_^ProtocalOptParams:alipay_sdk=alipay-sdk-java-3.7.73.ALL&format=json^_^ApplicationParams:biz_content={"out_trade_no":"20220320010101011"}^_^238ms,965ms,80ms
2022-10-21 15:59:48,673 INFO [main][AlipayLogger.java:366] - Summary^_^10000^_^null^_^ProtocalMustParams:charset=UTF-8&method=alipay.trade.query&sign=YC0he0fX1HvInugaUQCh3JtXBE+TxMnrOFhifDe3vAw62x7cw4F6+yXzIcOA5/4GfghgtOv/cPRtry7abfcXoegGw/KhTIdJuqoGOCwOLt16UkVzN7zuuGgxOpJcSoPb3F8+VIsrjgC/vMKVbxw8cVyMqZBQEvQluJ9mT+SW6KeCXy/LKjpc5+n8ZP/k5TnVUvx+ut2bTKPXj042t5bqNiB5sbVfP0W6n0CEmqPFvBMZCfe+rqSl+aK8ptWrTmI+XDyEjZ+n2VCQ3cSfwTN1N4i9Spoq7162IH4ZF+durPol81K9007qsDIMs4EBSQK+1CAgoYLaN2OTvsQSkNPnDQ==&version=1.0&app_id=2016101900725017&sign_type=RSA2&timestamp=2022-10-21 15:59:47^_^ProtocalOptParams:alipay_sdk=alipay-sdk-java-3.7.73.ALL&format=json^_^ApplicationParams:biz_content={"out_trade_no":"20220320010101011"}^_^238ms,965ms,80ms
