2022-10-04 17:35:58,674 INFO [main][SpringApplication.java:655] - The following profiles are active: dev
2022-10-04 17:35:58,674 INFO [main][SpringApplication.java:655] - The following profiles are active: dev
2022-10-04 17:36:01,391 WARN [main][EndpointId.java:155] - Endpoint ID 'service-registry' contains invalid characters, please migrate to a valid format.
2022-10-04 17:36:01,391 WARN [main][EndpointId.java:155] - Endpoint ID 'service-registry' contains invalid characters, please migrate to a valid format.
2022-10-04 17:36:01,562 DEBUG [main][LogFactory.java:105] - Logging initialized using 'class org.apache.ibatis.logging.slf4j.Slf4jImpl' adapter.
2022-10-04 17:36:01,562 DEBUG [main][LogFactory.java:105] - Logging initialized using 'class org.apache.ibatis.logging.slf4j.Slf4jImpl' adapter.
2022-10-04 17:36:01,774 INFO [main][GenericScope.java:295] - BeanFactory id=9c7ea94e-0a06-33e4-be2e-470aca72eda4
2022-10-04 17:36:01,774 INFO [main][GenericScope.java:295] - BeanFactory id=9c7ea94e-0a06-33e4-be2e-470aca72eda4
2022-10-04 17:36:02,305 INFO [main][PostProcessorRegistrationDelegate.java:335] - Bean 'org.springframework.security.access.expression.method.DefaultMethodSecurityExpressionHandler@68af87ad' of type [org.springframework.security.oauth2.provider.expression.OAuth2MethodSecurityExpressionHandler] is not eligible for getting processed by all BeanPostProcessors (for example: not eligible for auto-proxying)
2022-10-04 17:36:02,305 INFO [main][PostProcessorRegistrationDelegate.java:335] - Bean 'org.springframework.security.access.expression.method.DefaultMethodSecurityExpressionHandler@68af87ad' of type [org.springframework.security.oauth2.provider.expression.OAuth2MethodSecurityExpressionHandler] is not eligible for getting processed by all BeanPostProcessors (for example: not eligible for auto-proxying)
2022-10-04 17:36:02,360 INFO [main][PostProcessorRegistrationDelegate.java:335] - Bean 'methodSecurityMetadataSource' of type [org.springframework.security.access.method.DelegatingMethodSecurityMetadataSource] is not eligible for getting processed by all BeanPostProcessors (for example: not eligible for auto-proxying)
2022-10-04 17:36:02,360 INFO [main][PostProcessorRegistrationDelegate.java:335] - Bean 'methodSecurityMetadataSource' of type [org.springframework.security.access.method.DelegatingMethodSecurityMetadataSource] is not eligible for getting processed by all BeanPostProcessors (for example: not eligible for auto-proxying)
2022-10-04 17:36:02,630 DEBUG [main][HikariConfig.java:946] - Driver class com.mysql.cj.jdbc.Driver found in Thread context class loader sun.misc.Launcher$AppClassLoader@18b4aac2
2022-10-04 17:36:02,630 DEBUG [main][HikariConfig.java:946] - Driver class com.mysql.cj.jdbc.Driver found in Thread context class loader sun.misc.Launcher$AppClassLoader@18b4aac2
2022-10-04 17:36:02,911 DEBUG [main][Logger.java:49] - Registered plugin: 'com.baomidou.mybatisplus.extension.plugins.MybatisPlusInterceptor@14fc9bd'
2022-10-04 17:36:02,911 DEBUG [main][Logger.java:49] - Registered plugin: 'com.baomidou.mybatisplus.extension.plugins.MybatisPlusInterceptor@14fc9bd'
2022-10-04 17:36:02,915 DEBUG [main][Logger.java:49] - Property 'mapperLocations' was not specified.
2022-10-04 17:36:02,915 DEBUG [main][Logger.java:49] - Property 'mapperLocations' was not specified.
2022-10-04 17:36:04,361 DEBUG [main][MybatisConfiguration.java:128] - addMappedStatement: com.xuecheng.orders.mapper.XcOrdersMapper.insert
2022-10-04 17:36:04,361 DEBUG [main][MybatisConfiguration.java:128] - addMappedStatement: com.xuecheng.orders.mapper.XcOrdersMapper.insert
2022-10-04 17:36:04,380 DEBUG [main][MybatisConfiguration.java:128] - addMappedStatement: com.xuecheng.orders.mapper.XcOrdersMapper.delete
2022-10-04 17:36:04,380 DEBUG [main][MybatisConfiguration.java:128] - addMappedStatement: com.xuecheng.orders.mapper.XcOrdersMapper.delete
2022-10-04 17:36:04,388 DEBUG [main][MybatisConfiguration.java:128] - addMappedStatement: com.xuecheng.orders.mapper.XcOrdersMapper.deleteByMap
2022-10-04 17:36:04,388 DEBUG [main][MybatisConfiguration.java:128] - addMappedStatement: com.xuecheng.orders.mapper.XcOrdersMapper.deleteByMap
2022-10-04 17:36:04,504 DEBUG [main][MybatisConfiguration.java:128] - addMappedStatement: com.xuecheng.orders.mapper.XcOrdersMapper.deleteById
2022-10-04 17:36:04,504 DEBUG [main][MybatisConfiguration.java:128] - addMappedStatement: com.xuecheng.orders.mapper.XcOrdersMapper.deleteById
2022-10-04 17:36:04,507 DEBUG [main][MybatisConfiguration.java:128] - addMappedStatement: com.xuecheng.orders.mapper.XcOrdersMapper.deleteBatchIds
2022-10-04 17:36:04,507 DEBUG [main][MybatisConfiguration.java:128] - addMappedStatement: com.xuecheng.orders.mapper.XcOrdersMapper.deleteBatchIds
2022-10-04 17:36:04,517 DEBUG [main][MybatisConfiguration.java:128] - addMappedStatement: com.xuecheng.orders.mapper.XcOrdersMapper.update
2022-10-04 17:36:04,517 DEBUG [main][MybatisConfiguration.java:128] - addMappedStatement: com.xuecheng.orders.mapper.XcOrdersMapper.update
2022-10-04 17:36:04,522 DEBUG [main][MybatisConfiguration.java:128] - addMappedStatement: com.xuecheng.orders.mapper.XcOrdersMapper.updateById
2022-10-04 17:36:04,522 DEBUG [main][MybatisConfiguration.java:128] - addMappedStatement: com.xuecheng.orders.mapper.XcOrdersMapper.updateById
2022-10-04 17:36:04,524 DEBUG [main][MybatisConfiguration.java:128] - addMappedStatement: com.xuecheng.orders.mapper.XcOrdersMapper.selectById
2022-10-04 17:36:04,524 DEBUG [main][MybatisConfiguration.java:128] - addMappedStatement: com.xuecheng.orders.mapper.XcOrdersMapper.selectById
2022-10-04 17:36:04,528 DEBUG [main][MybatisConfiguration.java:128] - addMappedStatement: com.xuecheng.orders.mapper.XcOrdersMapper.selectBatchIds
2022-10-04 17:36:04,528 DEBUG [main][MybatisConfiguration.java:128] - addMappedStatement: com.xuecheng.orders.mapper.XcOrdersMapper.selectBatchIds
2022-10-04 17:36:04,532 DEBUG [main][MybatisConfiguration.java:128] - addMappedStatement: com.xuecheng.orders.mapper.XcOrdersMapper.selectByMap
2022-10-04 17:36:04,532 DEBUG [main][MybatisConfiguration.java:128] - addMappedStatement: com.xuecheng.orders.mapper.XcOrdersMapper.selectByMap
2022-10-04 17:36:04,538 DEBUG [main][MybatisConfiguration.java:128] - addMappedStatement: com.xuecheng.orders.mapper.XcOrdersMapper.selectOne
2022-10-04 17:36:04,538 DEBUG [main][MybatisConfiguration.java:128] - addMappedStatement: com.xuecheng.orders.mapper.XcOrdersMapper.selectOne
2022-10-04 17:36:04,544 DEBUG [main][MybatisConfiguration.java:128] - addMappedStatement: com.xuecheng.orders.mapper.XcOrdersMapper.selectCount
2022-10-04 17:36:04,544 DEBUG [main][MybatisConfiguration.java:128] - addMappedStatement: com.xuecheng.orders.mapper.XcOrdersMapper.selectCount
2022-10-04 17:36:04,549 DEBUG [main][MybatisConfiguration.java:128] - addMappedStatement: com.xuecheng.orders.mapper.XcOrdersMapper.selectMaps
2022-10-04 17:36:04,549 DEBUG [main][MybatisConfiguration.java:128] - addMappedStatement: com.xuecheng.orders.mapper.XcOrdersMapper.selectMaps
2022-10-04 17:36:04,554 DEBUG [main][MybatisConfiguration.java:128] - addMappedStatement: com.xuecheng.orders.mapper.XcOrdersMapper.selectMapsPage
2022-10-04 17:36:04,554 DEBUG [main][MybatisConfiguration.java:128] - addMappedStatement: com.xuecheng.orders.mapper.XcOrdersMapper.selectMapsPage
2022-10-04 17:36:04,561 DEBUG [main][MybatisConfiguration.java:128] - addMappedStatement: com.xuecheng.orders.mapper.XcOrdersMapper.selectObjs
2022-10-04 17:36:04,561 DEBUG [main][MybatisConfiguration.java:128] - addMappedStatement: com.xuecheng.orders.mapper.XcOrdersMapper.selectObjs
2022-10-04 17:36:04,566 DEBUG [main][MybatisConfiguration.java:128] - addMappedStatement: com.xuecheng.orders.mapper.XcOrdersMapper.selectList
2022-10-04 17:36:04,566 DEBUG [main][MybatisConfiguration.java:128] - addMappedStatement: com.xuecheng.orders.mapper.XcOrdersMapper.selectList
2022-10-04 17:36:04,573 DEBUG [main][MybatisConfiguration.java:128] - addMappedStatement: com.xuecheng.orders.mapper.XcOrdersMapper.selectPage
2022-10-04 17:36:04,573 DEBUG [main][MybatisConfiguration.java:128] - addMappedStatement: com.xuecheng.orders.mapper.XcOrdersMapper.selectPage
2022-10-04 17:36:04,614 DEBUG [main][MybatisConfiguration.java:128] - addMappedStatement: com.xuecheng.orders.mapper.XcOrdersGoodsMapper.insert
2022-10-04 17:36:04,614 DEBUG [main][MybatisConfiguration.java:128] - addMappedStatement: com.xuecheng.orders.mapper.XcOrdersGoodsMapper.insert
2022-10-04 17:36:04,623 DEBUG [main][MybatisConfiguration.java:128] - addMappedStatement: com.xuecheng.orders.mapper.XcOrdersGoodsMapper.delete
2022-10-04 17:36:04,623 DEBUG [main][MybatisConfiguration.java:128] - addMappedStatement: com.xuecheng.orders.mapper.XcOrdersGoodsMapper.delete
2022-10-04 17:36:04,627 DEBUG [main][MybatisConfiguration.java:128] - addMappedStatement: com.xuecheng.orders.mapper.XcOrdersGoodsMapper.deleteByMap
2022-10-04 17:36:04,627 DEBUG [main][MybatisConfiguration.java:128] - addMappedStatement: com.xuecheng.orders.mapper.XcOrdersGoodsMapper.deleteByMap
2022-10-04 17:36:04,632 DEBUG [main][MybatisConfiguration.java:128] - addMappedStatement: com.xuecheng.orders.mapper.XcOrdersGoodsMapper.deleteById
2022-10-04 17:36:04,632 DEBUG [main][MybatisConfiguration.java:128] - addMappedStatement: com.xuecheng.orders.mapper.XcOrdersGoodsMapper.deleteById
2022-10-04 17:36:04,636 DEBUG [main][MybatisConfiguration.java:128] - addMappedStatement: com.xuecheng.orders.mapper.XcOrdersGoodsMapper.deleteBatchIds
2022-10-04 17:36:04,636 DEBUG [main][MybatisConfiguration.java:128] - addMappedStatement: com.xuecheng.orders.mapper.XcOrdersGoodsMapper.deleteBatchIds
2022-10-04 17:36:04,644 DEBUG [main][MybatisConfiguration.java:128] - addMappedStatement: com.xuecheng.orders.mapper.XcOrdersGoodsMapper.update
2022-10-04 17:36:04,644 DEBUG [main][MybatisConfiguration.java:128] - addMappedStatement: com.xuecheng.orders.mapper.XcOrdersGoodsMapper.update
2022-10-04 17:36:04,648 DEBUG [main][MybatisConfiguration.java:128] - addMappedStatement: com.xuecheng.orders.mapper.XcOrdersGoodsMapper.updateById
2022-10-04 17:36:04,648 DEBUG [main][MybatisConfiguration.java:128] - addMappedStatement: com.xuecheng.orders.mapper.XcOrdersGoodsMapper.updateById
2022-10-04 17:36:04,649 DEBUG [main][MybatisConfiguration.java:128] - addMappedStatement: com.xuecheng.orders.mapper.XcOrdersGoodsMapper.selectById
2022-10-04 17:36:04,649 DEBUG [main][MybatisConfiguration.java:128] - addMappedStatement: com.xuecheng.orders.mapper.XcOrdersGoodsMapper.selectById
2022-10-04 17:36:04,654 DEBUG [main][MybatisConfiguration.java:128] - addMappedStatement: com.xuecheng.orders.mapper.XcOrdersGoodsMapper.selectBatchIds
2022-10-04 17:36:04,654 DEBUG [main][MybatisConfiguration.java:128] - addMappedStatement: com.xuecheng.orders.mapper.XcOrdersGoodsMapper.selectBatchIds
2022-10-04 17:36:04,658 DEBUG [main][MybatisConfiguration.java:128] - addMappedStatement: com.xuecheng.orders.mapper.XcOrdersGoodsMapper.selectByMap
2022-10-04 17:36:04,658 DEBUG [main][MybatisConfiguration.java:128] - addMappedStatement: com.xuecheng.orders.mapper.XcOrdersGoodsMapper.selectByMap
2022-10-04 17:36:04,664 DEBUG [main][MybatisConfiguration.java:128] - addMappedStatement: com.xuecheng.orders.mapper.XcOrdersGoodsMapper.selectOne
2022-10-04 17:36:04,664 DEBUG [main][MybatisConfiguration.java:128] - addMappedStatement: com.xuecheng.orders.mapper.XcOrdersGoodsMapper.selectOne
2022-10-04 17:36:04,669 DEBUG [main][MybatisConfiguration.java:128] - addMappedStatement: com.xuecheng.orders.mapper.XcOrdersGoodsMapper.selectCount
2022-10-04 17:36:04,669 DEBUG [main][MybatisConfiguration.java:128] - addMappedStatement: com.xuecheng.orders.mapper.XcOrdersGoodsMapper.selectCount
2022-10-04 17:36:04,675 DEBUG [main][MybatisConfiguration.java:128] - addMappedStatement: com.xuecheng.orders.mapper.XcOrdersGoodsMapper.selectMaps
2022-10-04 17:36:04,675 DEBUG [main][MybatisConfiguration.java:128] - addMappedStatement: com.xuecheng.orders.mapper.XcOrdersGoodsMapper.selectMaps
2022-10-04 17:36:04,680 DEBUG [main][MybatisConfiguration.java:128] - addMappedStatement: com.xuecheng.orders.mapper.XcOrdersGoodsMapper.selectMapsPage
2022-10-04 17:36:04,680 DEBUG [main][MybatisConfiguration.java:128] - addMappedStatement: com.xuecheng.orders.mapper.XcOrdersGoodsMapper.selectMapsPage
2022-10-04 17:36:04,685 DEBUG [main][MybatisConfiguration.java:128] - addMappedStatement: com.xuecheng.orders.mapper.XcOrdersGoodsMapper.selectObjs
2022-10-04 17:36:04,685 DEBUG [main][MybatisConfiguration.java:128] - addMappedStatement: com.xuecheng.orders.mapper.XcOrdersGoodsMapper.selectObjs
2022-10-04 17:36:04,690 DEBUG [main][MybatisConfiguration.java:128] - addMappedStatement: com.xuecheng.orders.mapper.XcOrdersGoodsMapper.selectList
2022-10-04 17:36:04,690 DEBUG [main][MybatisConfiguration.java:128] - addMappedStatement: com.xuecheng.orders.mapper.XcOrdersGoodsMapper.selectList
2022-10-04 17:36:04,693 DEBUG [main][MybatisConfiguration.java:128] - addMappedStatement: com.xuecheng.orders.mapper.XcOrdersGoodsMapper.selectPage
2022-10-04 17:36:04,693 DEBUG [main][MybatisConfiguration.java:128] - addMappedStatement: com.xuecheng.orders.mapper.XcOrdersGoodsMapper.selectPage
2022-10-04 17:36:04,715 DEBUG [main][MybatisConfiguration.java:128] - addMappedStatement: com.xuecheng.orders.mapper.XcPayRecordMapper.insert
2022-10-04 17:36:04,715 DEBUG [main][MybatisConfiguration.java:128] - addMappedStatement: com.xuecheng.orders.mapper.XcPayRecordMapper.insert
2022-10-04 17:36:04,720 DEBUG [main][MybatisConfiguration.java:128] - addMappedStatement: com.xuecheng.orders.mapper.XcPayRecordMapper.delete
2022-10-04 17:36:04,720 DEBUG [main][MybatisConfiguration.java:128] - addMappedStatement: com.xuecheng.orders.mapper.XcPayRecordMapper.delete
2022-10-04 17:36:04,723 DEBUG [main][MybatisConfiguration.java:128] - addMappedStatement: com.xuecheng.orders.mapper.XcPayRecordMapper.deleteByMap
2022-10-04 17:36:04,723 DEBUG [main][MybatisConfiguration.java:128] - addMappedStatement: com.xuecheng.orders.mapper.XcPayRecordMapper.deleteByMap
2022-10-04 17:36:04,726 DEBUG [main][MybatisConfiguration.java:128] - addMappedStatement: com.xuecheng.orders.mapper.XcPayRecordMapper.deleteById
2022-10-04 17:36:04,726 DEBUG [main][MybatisConfiguration.java:128] - addMappedStatement: com.xuecheng.orders.mapper.XcPayRecordMapper.deleteById
2022-10-04 17:36:04,729 DEBUG [main][MybatisConfiguration.java:128] - addMappedStatement: com.xuecheng.orders.mapper.XcPayRecordMapper.deleteBatchIds
2022-10-04 17:36:04,729 DEBUG [main][MybatisConfiguration.java:128] - addMappedStatement: com.xuecheng.orders.mapper.XcPayRecordMapper.deleteBatchIds
2022-10-04 17:36:04,733 DEBUG [main][MybatisConfiguration.java:128] - addMappedStatement: com.xuecheng.orders.mapper.XcPayRecordMapper.update
2022-10-04 17:36:04,733 DEBUG [main][MybatisConfiguration.java:128] - addMappedStatement: com.xuecheng.orders.mapper.XcPayRecordMapper.update
2022-10-04 17:36:04,736 DEBUG [main][MybatisConfiguration.java:128] - addMappedStatement: com.xuecheng.orders.mapper.XcPayRecordMapper.updateById
2022-10-04 17:36:04,736 DEBUG [main][MybatisConfiguration.java:128] - addMappedStatement: com.xuecheng.orders.mapper.XcPayRecordMapper.updateById
2022-10-04 17:36:04,737 DEBUG [main][MybatisConfiguration.java:128] - addMappedStatement: com.xuecheng.orders.mapper.XcPayRecordMapper.selectById
2022-10-04 17:36:04,737 DEBUG [main][MybatisConfiguration.java:128] - addMappedStatement: com.xuecheng.orders.mapper.XcPayRecordMapper.selectById
2022-10-04 17:36:04,740 DEBUG [main][MybatisConfiguration.java:128] - addMappedStatement: com.xuecheng.orders.mapper.XcPayRecordMapper.selectBatchIds
2022-10-04 17:36:04,740 DEBUG [main][MybatisConfiguration.java:128] - addMappedStatement: com.xuecheng.orders.mapper.XcPayRecordMapper.selectBatchIds
2022-10-04 17:36:04,744 DEBUG [main][MybatisConfiguration.java:128] - addMappedStatement: com.xuecheng.orders.mapper.XcPayRecordMapper.selectByMap
2022-10-04 17:36:04,744 DEBUG [main][MybatisConfiguration.java:128] - addMappedStatement: com.xuecheng.orders.mapper.XcPayRecordMapper.selectByMap
2022-10-04 17:36:04,747 DEBUG [main][MybatisConfiguration.java:128] - addMappedStatement: com.xuecheng.orders.mapper.XcPayRecordMapper.selectOne
2022-10-04 17:36:04,747 DEBUG [main][MybatisConfiguration.java:128] - addMappedStatement: com.xuecheng.orders.mapper.XcPayRecordMapper.selectOne
2022-10-04 17:36:04,750 DEBUG [main][MybatisConfiguration.java:128] - addMappedStatement: com.xuecheng.orders.mapper.XcPayRecordMapper.selectCount
2022-10-04 17:36:04,750 DEBUG [main][MybatisConfiguration.java:128] - addMappedStatement: com.xuecheng.orders.mapper.XcPayRecordMapper.selectCount
2022-10-04 17:36:04,754 DEBUG [main][MybatisConfiguration.java:128] - addMappedStatement: com.xuecheng.orders.mapper.XcPayRecordMapper.selectMaps
2022-10-04 17:36:04,754 DEBUG [main][MybatisConfiguration.java:128] - addMappedStatement: com.xuecheng.orders.mapper.XcPayRecordMapper.selectMaps
2022-10-04 17:36:04,757 DEBUG [main][MybatisConfiguration.java:128] - addMappedStatement: com.xuecheng.orders.mapper.XcPayRecordMapper.selectMapsPage
2022-10-04 17:36:04,757 DEBUG [main][MybatisConfiguration.java:128] - addMappedStatement: com.xuecheng.orders.mapper.XcPayRecordMapper.selectMapsPage
2022-10-04 17:36:04,761 DEBUG [main][MybatisConfiguration.java:128] - addMappedStatement: com.xuecheng.orders.mapper.XcPayRecordMapper.selectObjs
2022-10-04 17:36:04,761 DEBUG [main][MybatisConfiguration.java:128] - addMappedStatement: com.xuecheng.orders.mapper.XcPayRecordMapper.selectObjs
2022-10-04 17:36:04,764 DEBUG [main][MybatisConfiguration.java:128] - addMappedStatement: com.xuecheng.orders.mapper.XcPayRecordMapper.selectList
2022-10-04 17:36:04,764 DEBUG [main][MybatisConfiguration.java:128] - addMappedStatement: com.xuecheng.orders.mapper.XcPayRecordMapper.selectList
2022-10-04 17:36:04,768 DEBUG [main][MybatisConfiguration.java:128] - addMappedStatement: com.xuecheng.orders.mapper.XcPayRecordMapper.selectPage
2022-10-04 17:36:04,768 DEBUG [main][MybatisConfiguration.java:128] - addMappedStatement: com.xuecheng.orders.mapper.XcPayRecordMapper.selectPage
2022-10-04 17:36:04,930 WARN [main][JwtAccessTokenConverter.java:302] - Unable to create an RSA verifier from verifierKey (ignoreable if using MAC)
2022-10-04 17:36:04,930 WARN [main][JwtAccessTokenConverter.java:302] - Unable to create an RSA verifier from verifierKey (ignoreable if using MAC)
2022-10-04 17:36:05,043 DEBUG [main][MybatisConfiguration.java:128] - addMappedStatement: com.xuecheng.messagesdk.mapper.MqMessageHistoryMapper.insert
2022-10-04 17:36:05,043 DEBUG [main][MybatisConfiguration.java:128] - addMappedStatement: com.xuecheng.messagesdk.mapper.MqMessageHistoryMapper.insert
2022-10-04 17:36:05,048 DEBUG [main][MybatisConfiguration.java:128] - addMappedStatement: com.xuecheng.messagesdk.mapper.MqMessageHistoryMapper.delete
2022-10-04 17:36:05,048 DEBUG [main][MybatisConfiguration.java:128] - addMappedStatement: com.xuecheng.messagesdk.mapper.MqMessageHistoryMapper.delete
2022-10-04 17:36:05,053 DEBUG [main][MybatisConfiguration.java:128] - addMappedStatement: com.xuecheng.messagesdk.mapper.MqMessageHistoryMapper.deleteByMap
2022-10-04 17:36:05,053 DEBUG [main][MybatisConfiguration.java:128] - addMappedStatement: com.xuecheng.messagesdk.mapper.MqMessageHistoryMapper.deleteByMap
2022-10-04 17:36:05,058 DEBUG [main][MybatisConfiguration.java:128] - addMappedStatement: com.xuecheng.messagesdk.mapper.MqMessageHistoryMapper.deleteById
2022-10-04 17:36:05,058 DEBUG [main][MybatisConfiguration.java:128] - addMappedStatement: com.xuecheng.messagesdk.mapper.MqMessageHistoryMapper.deleteById
2022-10-04 17:36:05,062 DEBUG [main][MybatisConfiguration.java:128] - addMappedStatement: com.xuecheng.messagesdk.mapper.MqMessageHistoryMapper.deleteBatchIds
2022-10-04 17:36:05,062 DEBUG [main][MybatisConfiguration.java:128] - addMappedStatement: com.xuecheng.messagesdk.mapper.MqMessageHistoryMapper.deleteBatchIds
2022-10-04 17:36:05,069 DEBUG [main][MybatisConfiguration.java:128] - addMappedStatement: com.xuecheng.messagesdk.mapper.MqMessageHistoryMapper.update
2022-10-04 17:36:05,069 DEBUG [main][MybatisConfiguration.java:128] - addMappedStatement: com.xuecheng.messagesdk.mapper.MqMessageHistoryMapper.update
2022-10-04 17:36:05,075 DEBUG [main][MybatisConfiguration.java:128] - addMappedStatement: com.xuecheng.messagesdk.mapper.MqMessageHistoryMapper.updateById
2022-10-04 17:36:05,075 DEBUG [main][MybatisConfiguration.java:128] - addMappedStatement: com.xuecheng.messagesdk.mapper.MqMessageHistoryMapper.updateById
2022-10-04 17:36:05,077 DEBUG [main][MybatisConfiguration.java:128] - addMappedStatement: com.xuecheng.messagesdk.mapper.MqMessageHistoryMapper.selectById
2022-10-04 17:36:05,077 DEBUG [main][MybatisConfiguration.java:128] - addMappedStatement: com.xuecheng.messagesdk.mapper.MqMessageHistoryMapper.selectById
2022-10-04 17:36:05,080 DEBUG [main][MybatisConfiguration.java:128] - addMappedStatement: com.xuecheng.messagesdk.mapper.MqMessageHistoryMapper.selectBatchIds
2022-10-04 17:36:05,080 DEBUG [main][MybatisConfiguration.java:128] - addMappedStatement: com.xuecheng.messagesdk.mapper.MqMessageHistoryMapper.selectBatchIds
2022-10-04 17:36:05,084 DEBUG [main][MybatisConfiguration.java:128] - addMappedStatement: com.xuecheng.messagesdk.mapper.MqMessageHistoryMapper.selectByMap
2022-10-04 17:36:05,084 DEBUG [main][MybatisConfiguration.java:128] - addMappedStatement: com.xuecheng.messagesdk.mapper.MqMessageHistoryMapper.selectByMap
2022-10-04 17:36:05,088 DEBUG [main][MybatisConfiguration.java:128] - addMappedStatement: com.xuecheng.messagesdk.mapper.MqMessageHistoryMapper.selectOne
2022-10-04 17:36:05,088 DEBUG [main][MybatisConfiguration.java:128] - addMappedStatement: com.xuecheng.messagesdk.mapper.MqMessageHistoryMapper.selectOne
2022-10-04 17:36:05,091 DEBUG [main][MybatisConfiguration.java:128] - addMappedStatement: com.xuecheng.messagesdk.mapper.MqMessageHistoryMapper.selectCount
2022-10-04 17:36:05,091 DEBUG [main][MybatisConfiguration.java:128] - addMappedStatement: com.xuecheng.messagesdk.mapper.MqMessageHistoryMapper.selectCount
2022-10-04 17:36:05,095 DEBUG [main][MybatisConfiguration.java:128] - addMappedStatement: com.xuecheng.messagesdk.mapper.MqMessageHistoryMapper.selectMaps
2022-10-04 17:36:05,095 DEBUG [main][MybatisConfiguration.java:128] - addMappedStatement: com.xuecheng.messagesdk.mapper.MqMessageHistoryMapper.selectMaps
2022-10-04 17:36:05,098 DEBUG [main][MybatisConfiguration.java:128] - addMappedStatement: com.xuecheng.messagesdk.mapper.MqMessageHistoryMapper.selectMapsPage
2022-10-04 17:36:05,098 DEBUG [main][MybatisConfiguration.java:128] - addMappedStatement: com.xuecheng.messagesdk.mapper.MqMessageHistoryMapper.selectMapsPage
2022-10-04 17:36:05,102 DEBUG [main][MybatisConfiguration.java:128] - addMappedStatement: com.xuecheng.messagesdk.mapper.MqMessageHistoryMapper.selectObjs
2022-10-04 17:36:05,102 DEBUG [main][MybatisConfiguration.java:128] - addMappedStatement: com.xuecheng.messagesdk.mapper.MqMessageHistoryMapper.selectObjs
2022-10-04 17:36:05,106 DEBUG [main][MybatisConfiguration.java:128] - addMappedStatement: com.xuecheng.messagesdk.mapper.MqMessageHistoryMapper.selectList
2022-10-04 17:36:05,106 DEBUG [main][MybatisConfiguration.java:128] - addMappedStatement: com.xuecheng.messagesdk.mapper.MqMessageHistoryMapper.selectList
2022-10-04 17:36:05,110 DEBUG [main][MybatisConfiguration.java:128] - addMappedStatement: com.xuecheng.messagesdk.mapper.MqMessageHistoryMapper.selectPage
2022-10-04 17:36:05,110 DEBUG [main][MybatisConfiguration.java:128] - addMappedStatement: com.xuecheng.messagesdk.mapper.MqMessageHistoryMapper.selectPage
2022-10-04 17:36:05,182 DEBUG [main][MybatisConfiguration.java:128] - addMappedStatement: com.xuecheng.messagesdk.mapper.MqMessageMapper.selectListByShardIndex
2022-10-04 17:36:05,182 DEBUG [main][MybatisConfiguration.java:128] - addMappedStatement: com.xuecheng.messagesdk.mapper.MqMessageMapper.selectListByShardIndex
2022-10-04 17:36:05,189 DEBUG [main][MybatisConfiguration.java:128] - addMappedStatement: com.xuecheng.messagesdk.mapper.MqMessageMapper.insert
2022-10-04 17:36:05,189 DEBUG [main][MybatisConfiguration.java:128] - addMappedStatement: com.xuecheng.messagesdk.mapper.MqMessageMapper.insert
2022-10-04 17:36:05,193 DEBUG [main][MybatisConfiguration.java:128] - addMappedStatement: com.xuecheng.messagesdk.mapper.MqMessageMapper.delete
2022-10-04 17:36:05,193 DEBUG [main][MybatisConfiguration.java:128] - addMappedStatement: com.xuecheng.messagesdk.mapper.MqMessageMapper.delete
2022-10-04 17:36:05,196 DEBUG [main][MybatisConfiguration.java:128] - addMappedStatement: com.xuecheng.messagesdk.mapper.MqMessageMapper.deleteByMap
2022-10-04 17:36:05,196 DEBUG [main][MybatisConfiguration.java:128] - addMappedStatement: com.xuecheng.messagesdk.mapper.MqMessageMapper.deleteByMap
2022-10-04 17:36:05,200 DEBUG [main][MybatisConfiguration.java:128] - addMappedStatement: com.xuecheng.messagesdk.mapper.MqMessageMapper.deleteById
2022-10-04 17:36:05,200 DEBUG [main][MybatisConfiguration.java:128] - addMappedStatement: com.xuecheng.messagesdk.mapper.MqMessageMapper.deleteById
2022-10-04 17:36:05,205 DEBUG [main][MybatisConfiguration.java:128] - addMappedStatement: com.xuecheng.messagesdk.mapper.MqMessageMapper.deleteBatchIds
2022-10-04 17:36:05,205 DEBUG [main][MybatisConfiguration.java:128] - addMappedStatement: com.xuecheng.messagesdk.mapper.MqMessageMapper.deleteBatchIds
2022-10-04 17:36:05,210 DEBUG [main][MybatisConfiguration.java:128] - addMappedStatement: com.xuecheng.messagesdk.mapper.MqMessageMapper.update
2022-10-04 17:36:05,210 DEBUG [main][MybatisConfiguration.java:128] - addMappedStatement: com.xuecheng.messagesdk.mapper.MqMessageMapper.update
2022-10-04 17:36:05,215 DEBUG [main][MybatisConfiguration.java:128] - addMappedStatement: com.xuecheng.messagesdk.mapper.MqMessageMapper.updateById
2022-10-04 17:36:05,215 DEBUG [main][MybatisConfiguration.java:128] - addMappedStatement: com.xuecheng.messagesdk.mapper.MqMessageMapper.updateById
2022-10-04 17:36:05,215 DEBUG [main][MybatisConfiguration.java:128] - addMappedStatement: com.xuecheng.messagesdk.mapper.MqMessageMapper.selectById
2022-10-04 17:36:05,215 DEBUG [main][MybatisConfiguration.java:128] - addMappedStatement: com.xuecheng.messagesdk.mapper.MqMessageMapper.selectById
2022-10-04 17:36:05,220 DEBUG [main][MybatisConfiguration.java:128] - addMappedStatement: com.xuecheng.messagesdk.mapper.MqMessageMapper.selectBatchIds
2022-10-04 17:36:05,220 DEBUG [main][MybatisConfiguration.java:128] - addMappedStatement: com.xuecheng.messagesdk.mapper.MqMessageMapper.selectBatchIds
2022-10-04 17:36:05,225 DEBUG [main][MybatisConfiguration.java:128] - addMappedStatement: com.xuecheng.messagesdk.mapper.MqMessageMapper.selectByMap
2022-10-04 17:36:05,225 DEBUG [main][MybatisConfiguration.java:128] - addMappedStatement: com.xuecheng.messagesdk.mapper.MqMessageMapper.selectByMap
2022-10-04 17:36:05,230 DEBUG [main][MybatisConfiguration.java:128] - addMappedStatement: com.xuecheng.messagesdk.mapper.MqMessageMapper.selectOne
2022-10-04 17:36:05,230 DEBUG [main][MybatisConfiguration.java:128] - addMappedStatement: com.xuecheng.messagesdk.mapper.MqMessageMapper.selectOne
2022-10-04 17:36:05,234 DEBUG [main][MybatisConfiguration.java:128] - addMappedStatement: com.xuecheng.messagesdk.mapper.MqMessageMapper.selectCount
2022-10-04 17:36:05,234 DEBUG [main][MybatisConfiguration.java:128] - addMappedStatement: com.xuecheng.messagesdk.mapper.MqMessageMapper.selectCount
2022-10-04 17:36:05,238 DEBUG [main][MybatisConfiguration.java:128] - addMappedStatement: com.xuecheng.messagesdk.mapper.MqMessageMapper.selectMaps
2022-10-04 17:36:05,238 DEBUG [main][MybatisConfiguration.java:128] - addMappedStatement: com.xuecheng.messagesdk.mapper.MqMessageMapper.selectMaps
2022-10-04 17:36:05,242 DEBUG [main][MybatisConfiguration.java:128] - addMappedStatement: com.xuecheng.messagesdk.mapper.MqMessageMapper.selectMapsPage
2022-10-04 17:36:05,242 DEBUG [main][MybatisConfiguration.java:128] - addMappedStatement: com.xuecheng.messagesdk.mapper.MqMessageMapper.selectMapsPage
2022-10-04 17:36:05,246 DEBUG [main][MybatisConfiguration.java:128] - addMappedStatement: com.xuecheng.messagesdk.mapper.MqMessageMapper.selectObjs
2022-10-04 17:36:05,246 DEBUG [main][MybatisConfiguration.java:128] - addMappedStatement: com.xuecheng.messagesdk.mapper.MqMessageMapper.selectObjs
2022-10-04 17:36:05,251 DEBUG [main][MybatisConfiguration.java:128] - addMappedStatement: com.xuecheng.messagesdk.mapper.MqMessageMapper.selectList
2022-10-04 17:36:05,251 DEBUG [main][MybatisConfiguration.java:128] - addMappedStatement: com.xuecheng.messagesdk.mapper.MqMessageMapper.selectList
2022-10-04 17:36:05,255 DEBUG [main][MybatisConfiguration.java:128] - addMappedStatement: com.xuecheng.messagesdk.mapper.MqMessageMapper.selectPage
2022-10-04 17:36:05,255 DEBUG [main][MybatisConfiguration.java:128] - addMappedStatement: com.xuecheng.messagesdk.mapper.MqMessageMapper.selectPage
2022-10-04 17:36:05,795 DEBUG [main][InternalLoggerFactory.java:61] - Using SLF4J as the default logging framework
2022-10-04 17:36:05,795 DEBUG [main][InternalLoggerFactory.java:61] - Using SLF4J as the default logging framework
2022-10-04 17:36:06,561 WARN [main][URLConfigurationSource.java:121] - No URLs will be polled as dynamic configuration sources.
2022-10-04 17:36:06,561 WARN [main][URLConfigurationSource.java:121] - No URLs will be polled as dynamic configuration sources.
2022-10-04 17:36:06,562 INFO [main][URLConfigurationSource.java:122] - To enable URLs as dynamic configuration sources, define System property archaius.configurationSource.additionalUrls or make config.properties available on classpath.
2022-10-04 17:36:06,562 INFO [main][URLConfigurationSource.java:122] - To enable URLs as dynamic configuration sources, define System property archaius.configurationSource.additionalUrls or make config.properties available on classpath.
2022-10-04 17:36:06,578 WARN [main][URLConfigurationSource.java:121] - No URLs will be polled as dynamic configuration sources.
2022-10-04 17:36:06,578 WARN [main][URLConfigurationSource.java:121] - No URLs will be polled as dynamic configuration sources.
2022-10-04 17:36:06,579 INFO [main][URLConfigurationSource.java:122] - To enable URLs as dynamic configuration sources, define System property archaius.configurationSource.additionalUrls or make config.properties available on classpath.
2022-10-04 17:36:06,579 INFO [main][URLConfigurationSource.java:122] - To enable URLs as dynamic configuration sources, define System property archaius.configurationSource.additionalUrls or make config.properties available on classpath.
2022-10-04 17:36:06,657 DEBUG [main][ResourceBundleMessageInterpolator.java:172] - Loaded expression factory via original TCCL
2022-10-04 17:36:06,657 DEBUG [main][ResourceBundleMessageInterpolator.java:172] - Loaded expression factory via original TCCL
2022-10-04 17:36:06,678 DEBUG [main][AbstractConfigurationImpl.java:171] - Setting custom MessageInterpolator of type org.springframework.validation.beanvalidation.LocaleContextMessageInterpolator
2022-10-04 17:36:06,678 DEBUG [main][AbstractConfigurationImpl.java:171] - Setting custom MessageInterpolator of type org.springframework.validation.beanvalidation.LocaleContextMessageInterpolator
2022-10-04 17:36:06,680 DEBUG [main][AbstractConfigurationImpl.java:203] - Setting custom ConstraintValidatorFactory of type org.springframework.validation.beanvalidation.SpringConstraintValidatorFactory
2022-10-04 17:36:06,680 DEBUG [main][AbstractConfigurationImpl.java:203] - Setting custom ConstraintValidatorFactory of type org.springframework.validation.beanvalidation.SpringConstraintValidatorFactory
2022-10-04 17:36:06,682 DEBUG [main][AbstractConfigurationImpl.java:217] - Setting custom ParameterNameProvider of type org.springframework.validation.beanvalidation.LocalValidatorFactoryBean$1
2022-10-04 17:36:06,682 DEBUG [main][AbstractConfigurationImpl.java:217] - Setting custom ParameterNameProvider of type org.springframework.validation.beanvalidation.LocalValidatorFactoryBean$1
2022-10-04 17:36:06,685 DEBUG [main][ValidationXmlParser.java:120] - Trying to load META-INF/validation.xml for XML based Validator configuration.
2022-10-04 17:36:06,685 DEBUG [main][ValidationXmlParser.java:120] - Trying to load META-INF/validation.xml for XML based Validator configuration.
2022-10-04 17:36:06,686 DEBUG [main][ResourceLoaderHelper.java:53] - Trying to load META-INF/validation.xml via user class loader
2022-10-04 17:36:06,686 DEBUG [main][ResourceLoaderHelper.java:53] - Trying to load META-INF/validation.xml via user class loader
2022-10-04 17:36:06,688 DEBUG [main][ResourceLoaderHelper.java:60] - Trying to load META-INF/validation.xml via TCCL
2022-10-04 17:36:06,688 DEBUG [main][ResourceLoaderHelper.java:60] - Trying to load META-INF/validation.xml via TCCL
2022-10-04 17:36:06,689 DEBUG [main][ResourceLoaderHelper.java:66] - Trying to load META-INF/validation.xml via Hibernate Validator's class loader
2022-10-04 17:36:06,689 DEBUG [main][ResourceLoaderHelper.java:66] - Trying to load META-INF/validation.xml via Hibernate Validator's class loader
2022-10-04 17:36:06,690 DEBUG [main][ValidationXmlParser.java:127] - No META-INF/validation.xml found. Using annotation based configuration only.
2022-10-04 17:36:06,690 DEBUG [main][ValidationXmlParser.java:127] - No META-INF/validation.xml found. Using annotation based configuration only.
2022-10-04 17:36:06,693 DEBUG [main][TraversableResolvers.java:60] - Cannot find javax.persistence.Persistence on classpath. Assuming non JPA 2 environment. All properties will per default be traversable.
2022-10-04 17:36:06,693 DEBUG [main][TraversableResolvers.java:60] - Cannot find javax.persistence.Persistence on classpath. Assuming non JPA 2 environment. All properties will per default be traversable.
2022-10-04 17:36:06,698 DEBUG [main][ValidatorFactoryConfigurationHelper.java:300] - HV000252: Using org.hibernate.validator.internal.engine.DefaultPropertyNodeNameProvider as property node name provider.
2022-10-04 17:36:06,698 DEBUG [main][ValidatorFactoryConfigurationHelper.java:300] - HV000252: Using org.hibernate.validator.internal.engine.DefaultPropertyNodeNameProvider as property node name provider.
2022-10-04 17:36:06,700 DEBUG [main][ValidatorFactoryConfigurationHelper.java:375] - HV000234: Using org.springframework.validation.beanvalidation.LocaleContextMessageInterpolator as ValidatorFactory-scoped message interpolator.
2022-10-04 17:36:06,700 DEBUG [main][ValidatorFactoryConfigurationHelper.java:375] - HV000234: Using org.springframework.validation.beanvalidation.LocaleContextMessageInterpolator as ValidatorFactory-scoped message interpolator.
2022-10-04 17:36:06,700 DEBUG [main][ValidatorFactoryConfigurationHelper.java:376] - HV000234: Using org.hibernate.validator.internal.engine.resolver.TraverseAllTraversableResolver as ValidatorFactory-scoped traversable resolver.
2022-10-04 17:36:06,700 DEBUG [main][ValidatorFactoryConfigurationHelper.java:376] - HV000234: Using org.hibernate.validator.internal.engine.resolver.TraverseAllTraversableResolver as ValidatorFactory-scoped traversable resolver.
2022-10-04 17:36:06,701 DEBUG [main][ValidatorFactoryConfigurationHelper.java:377] - HV000234: Using org.hibernate.validator.internal.util.ExecutableParameterNameProvider as ValidatorFactory-scoped parameter name provider.
2022-10-04 17:36:06,701 DEBUG [main][ValidatorFactoryConfigurationHelper.java:377] - HV000234: Using org.hibernate.validator.internal.util.ExecutableParameterNameProvider as ValidatorFactory-scoped parameter name provider.
2022-10-04 17:36:06,702 DEBUG [main][ValidatorFactoryConfigurationHelper.java:378] - HV000234: Using org.hibernate.validator.internal.engine.DefaultClockProvider as ValidatorFactory-scoped clock provider.
2022-10-04 17:36:06,702 DEBUG [main][ValidatorFactoryConfigurationHelper.java:378] - HV000234: Using org.hibernate.validator.internal.engine.DefaultClockProvider as ValidatorFactory-scoped clock provider.
2022-10-04 17:36:06,702 DEBUG [main][ValidatorFactoryConfigurationHelper.java:379] - HV000234: Using org.hibernate.validator.internal.engine.scripting.DefaultScriptEvaluatorFactory as ValidatorFactory-scoped script evaluator factory.
2022-10-04 17:36:06,702 DEBUG [main][ValidatorFactoryConfigurationHelper.java:379] - HV000234: Using org.hibernate.validator.internal.engine.scripting.DefaultScriptEvaluatorFactory as ValidatorFactory-scoped script evaluator factory.
2022-10-04 17:36:07,458 INFO [main][ExecutorConfigurationSupport.java:181] - Initializing ExecutorService 'applicationTaskExecutor'
2022-10-04 17:36:07,458 INFO [main][ExecutorConfigurationSupport.java:181] - Initializing ExecutorService 'applicationTaskExecutor'
2022-10-04 17:36:10,455 INFO [main][InetUtils.java:170] - Cannot determine local hostname
2022-10-04 17:36:10,455 INFO [main][InetUtils.java:170] - Cannot determine local hostname
2022-10-04 17:36:10,471 INFO [main][ExecutorConfigurationSupport.java:181] - Initializing ExecutorService 'Nacos-Watch-Task-Scheduler'
2022-10-04 17:36:10,471 INFO [main][ExecutorConfigurationSupport.java:181] - Initializing ExecutorService 'Nacos-Watch-Task-Scheduler'
2022-10-04 17:36:10,492 INFO [main][InitUtils.java:65] - initializer namespace from System Property :null
2022-10-04 17:36:10,492 INFO [main][InitUtils.java:65] - initializer namespace from System Property :null
2022-10-04 17:36:10,492 INFO [main][InitUtils.java:74] - initializer namespace from System Environment :null
2022-10-04 17:36:10,492 INFO [main][InitUtils.java:74] - initializer namespace from System Environment :null
2022-10-04 17:36:10,493 INFO [main][InitUtils.java:84] - initializer namespace from System Property :null
2022-10-04 17:36:10,493 INFO [main][InitUtils.java:84] - initializer namespace from System Property :null
2022-10-04 17:36:10,498 DEBUG [main][NamingProxy.java:195] - server list provided by user: [192.168.101.65:8848]
2022-10-04 17:36:10,498 DEBUG [main][NamingProxy.java:195] - server list provided by user: [192.168.101.65:8848]
2022-10-04 17:36:10,500 DEBUG [com.alibaba.nacos.client.naming.updater][NamingProxy.java:195] - server list provided by user: [192.168.101.65:8848]
2022-10-04 17:36:10,500 DEBUG [com.alibaba.nacos.client.naming.updater][NamingProxy.java:195] - server list provided by user: [192.168.101.65:8848]
2022-10-04 17:36:10,505 DEBUG [com.alibaba.nacos.naming.failover][FailoverReactor.java:147] - failover switch is not found, failover00-00---000-VIPSRV_FAILOVER_SWITCH-000---00-00
2022-10-04 17:36:10,505 DEBUG [com.alibaba.nacos.naming.failover][FailoverReactor.java:147] - failover switch is not found, failover00-00---000-VIPSRV_FAILOVER_SWITCH-000---00-00
2022-10-04 17:36:13,169 INFO [main][UserDetailsServiceAutoConfiguration.java:86] - 

Using generated security password: 23e5894c-afaa-4416-b71a-afbc164b04f2

2022-10-04 17:36:13,169 INFO [main][UserDetailsServiceAutoConfiguration.java:86] - 

Using generated security password: 23e5894c-afaa-4416-b71a-afbc164b04f2

2022-10-04 17:36:13,972 INFO [main][DefaultSecurityFilterChain.java:43] - Creating filter chain: any request, [org.springframework.security.web.context.request.async.WebAsyncManagerIntegrationFilter@bb6869a, org.springframework.security.web.context.SecurityContextPersistenceFilter@6c75e3bc, org.springframework.security.web.header.HeaderWriterFilter@4182a651, org.springframework.security.web.authentication.logout.LogoutFilter@3199a202, org.springframework.security.oauth2.provider.authentication.OAuth2AuthenticationProcessingFilter@1dfe5dd1, org.springframework.security.web.savedrequest.RequestCacheAwareFilter@2374452a, org.springframework.security.web.servletapi.SecurityContextHolderAwareRequestFilter@4e26564d, org.springframework.security.web.authentication.AnonymousAuthenticationFilter@506b083, org.springframework.security.web.session.SessionManagementFilter@3f4964f2, org.springframework.security.web.access.ExceptionTranslationFilter@2cc34cd5, org.springframework.security.web.access.intercept.FilterSecurityInterceptor@2932e15f]
2022-10-04 17:36:13,972 INFO [main][DefaultSecurityFilterChain.java:43] - Creating filter chain: any request, [org.springframework.security.web.context.request.async.WebAsyncManagerIntegrationFilter@bb6869a, org.springframework.security.web.context.SecurityContextPersistenceFilter@6c75e3bc, org.springframework.security.web.header.HeaderWriterFilter@4182a651, org.springframework.security.web.authentication.logout.LogoutFilter@3199a202, org.springframework.security.oauth2.provider.authentication.OAuth2AuthenticationProcessingFilter@1dfe5dd1, org.springframework.security.web.savedrequest.RequestCacheAwareFilter@2374452a, org.springframework.security.web.servletapi.SecurityContextHolderAwareRequestFilter@4e26564d, org.springframework.security.web.authentication.AnonymousAuthenticationFilter@506b083, org.springframework.security.web.session.SessionManagementFilter@3f4964f2, org.springframework.security.web.access.ExceptionTranslationFilter@2cc34cd5, org.springframework.security.web.access.intercept.FilterSecurityInterceptor@2932e15f]
2022-10-04 17:36:14,274 WARN [main][FreeMarkerAutoConfiguration.java:65] - Cannot find template location(s): [classpath:/templates/] (please add some templates, check your FreeMarker configuration, or set spring.freemarker.checkTemplateLocation=false)
2022-10-04 17:36:14,274 WARN [main][FreeMarkerAutoConfiguration.java:65] - Cannot find template location(s): [classpath:/templates/] (please add some templates, check your FreeMarker configuration, or set spring.freemarker.checkTemplateLocation=false)
2022-10-04 17:36:15,506 DEBUG [com.alibaba.nacos.naming.failover][FailoverReactor.java:147] - failover switch is not found, failover00-00---000-VIPSRV_FAILOVER_SWITCH-000---00-00
2022-10-04 17:36:15,506 DEBUG [com.alibaba.nacos.naming.failover][FailoverReactor.java:147] - failover switch is not found, failover00-00---000-VIPSRV_FAILOVER_SWITCH-000---00-00
2022-10-04 17:36:16,652 INFO [main][InetUtils.java:170] - Cannot determine local hostname
2022-10-04 17:36:16,652 INFO [main][InetUtils.java:170] - Cannot determine local hostname
2022-10-04 17:36:16,904 WARN [main][SpringCloudSecurityAutoConfiguration.java:38] - All Spring Cloud Security modules and starters are deprecated. They will be moved to individual projects in the next major release.
2022-10-04 17:36:16,904 WARN [main][SpringCloudSecurityAutoConfiguration.java:38] - All Spring Cloud Security modules and starters are deprecated. They will be moved to individual projects in the next major release.
2022-10-04 17:36:16,921 INFO [main][EndpointLinksResolver.java:58] - Exposing 2 endpoint(s) beneath base path '/actuator'
2022-10-04 17:36:16,921 INFO [main][EndpointLinksResolver.java:58] - Exposing 2 endpoint(s) beneath base path '/actuator'
2022-10-04 17:36:17,025 DEBUG [main][HostReactor.java:306] - failover-mode: false
2022-10-04 17:36:17,025 DEBUG [main][HostReactor.java:306] - failover-mode: false
2022-10-04 17:36:17,027 DEBUG [main][NacosRestTemplate.java:476] - HTTP method: GET, url: http://192.168.101.65:8848/nacos/v1/ns/instance/list?app=unknown&healthyOnly=false&namespaceId=dev&clientIP=192.168.1.102&serviceName=xuecheng-plus-project%40%40orders-api&udpPort=57632&clusters=DEFAULT, body: {}
2022-10-04 17:36:17,027 DEBUG [main][NacosRestTemplate.java:476] - HTTP method: GET, url: http://192.168.101.65:8848/nacos/v1/ns/instance/list?app=unknown&healthyOnly=false&namespaceId=dev&clientIP=192.168.1.102&serviceName=xuecheng-plus-project%40%40orders-api&udpPort=57632&clusters=DEFAULT, body: {}
2022-10-04 17:36:17,142 INFO [main][HostReactor.java:232] - new ips(1) service: xuecheng-plus-project@@orders-api@@DEFAULT -> [{"instanceId":"192.168.85.1#63030#DEFAULT#xuecheng-plus-project@@orders-api","ip":"192.168.85.1","port":63030,"weight":1.0,"healthy":true,"enabled":true,"ephemeral":true,"clusterName":"DEFAULT","serviceName":"xuecheng-plus-project@@orders-api","metadata":{"preserved.register.source":"SPRING_CLOUD"},"instanceHeartBeatInterval":5000,"instanceHeartBeatTimeOut":15000,"ipDeleteTimeout":30000}]
2022-10-04 17:36:17,142 INFO [main][HostReactor.java:232] - new ips(1) service: xuecheng-plus-project@@orders-api@@DEFAULT -> [{"instanceId":"192.168.85.1#63030#DEFAULT#xuecheng-plus-project@@orders-api","ip":"192.168.85.1","port":63030,"weight":1.0,"healthy":true,"enabled":true,"ephemeral":true,"clusterName":"DEFAULT","serviceName":"xuecheng-plus-project@@orders-api","metadata":{"preserved.register.source":"SPRING_CLOUD"},"instanceHeartBeatInterval":5000,"instanceHeartBeatTimeOut":15000,"ipDeleteTimeout":30000}]
2022-10-04 17:36:17,143 DEBUG [nacos.publisher-com.alibaba.nacos.client.naming.event.InstancesChangeEvent][DefaultPublisher.java:193] - [NotifyCenter] the com.alibaba.nacos.client.naming.event.InstancesChangeEvent@43215a61 will received by com.alibaba.nacos.client.naming.event.InstancesChangeNotifier@48368a08
2022-10-04 17:36:17,143 DEBUG [nacos.publisher-com.alibaba.nacos.client.naming.event.InstancesChangeEvent][DefaultPublisher.java:193] - [NotifyCenter] the com.alibaba.nacos.client.naming.event.InstancesChangeEvent@43215a61 will received by com.alibaba.nacos.client.naming.event.InstancesChangeNotifier@48368a08
2022-10-04 17:36:17,152 INFO [main][HostReactor.java:271] - current ips:(1) service: xuecheng-plus-project@@orders-api@@DEFAULT -> [{"instanceId":"192.168.85.1#63030#DEFAULT#xuecheng-plus-project@@orders-api","ip":"192.168.85.1","port":63030,"weight":1.0,"healthy":true,"enabled":true,"ephemeral":true,"clusterName":"DEFAULT","serviceName":"xuecheng-plus-project@@orders-api","metadata":{"preserved.register.source":"SPRING_CLOUD"},"instanceHeartBeatInterval":5000,"instanceHeartBeatTimeOut":15000,"ipDeleteTimeout":30000}]
2022-10-04 17:36:17,152 INFO [main][HostReactor.java:271] - current ips:(1) service: xuecheng-plus-project@@orders-api@@DEFAULT -> [{"instanceId":"192.168.85.1#63030#DEFAULT#xuecheng-plus-project@@orders-api","ip":"192.168.85.1","port":63030,"weight":1.0,"healthy":true,"enabled":true,"ephemeral":true,"clusterName":"DEFAULT","serviceName":"xuecheng-plus-project@@orders-api","metadata":{"preserved.register.source":"SPRING_CLOUD"},"instanceHeartBeatInterval":5000,"instanceHeartBeatTimeOut":15000,"ipDeleteTimeout":30000}]
2022-10-04 17:36:17,182 INFO [main][StartupInfoLogger.java:61] - Started AliPayTest in 27.764 seconds (JVM running for 31.512)
2022-10-04 17:36:17,182 INFO [main][StartupInfoLogger.java:61] - Started AliPayTest in 27.764 seconds (JVM running for 31.512)
2022-10-04 17:36:17,194 INFO [main][ClientWorker.java:169] - [fixed-192.168.101.65_8848-dev] [subscribe] swagger-dev.yaml+xuecheng-plus-common+dev
2022-10-04 17:36:17,194 INFO [main][ClientWorker.java:169] - [fixed-192.168.101.65_8848-dev] [subscribe] swagger-dev.yaml+xuecheng-plus-common+dev
2022-10-04 17:36:17,195 INFO [main][CacheData.java:92] - [fixed-192.168.101.65_8848-dev] [add-listener] ok, tenant=dev, dataId=swagger-dev.yaml, group=xuecheng-plus-common, cnt=1
2022-10-04 17:36:17,195 INFO [main][CacheData.java:92] - [fixed-192.168.101.65_8848-dev] [add-listener] ok, tenant=dev, dataId=swagger-dev.yaml, group=xuecheng-plus-common, cnt=1
2022-10-04 17:36:17,196 INFO [main][ClientWorker.java:169] - [fixed-192.168.101.65_8848-dev] [subscribe] orders-api.yaml+xuecheng-plus-project+dev
2022-10-04 17:36:17,196 INFO [main][ClientWorker.java:169] - [fixed-192.168.101.65_8848-dev] [subscribe] orders-api.yaml+xuecheng-plus-project+dev
2022-10-04 17:36:17,197 INFO [main][CacheData.java:92] - [fixed-192.168.101.65_8848-dev] [add-listener] ok, tenant=dev, dataId=orders-api.yaml, group=xuecheng-plus-project, cnt=1
2022-10-04 17:36:17,197 INFO [main][CacheData.java:92] - [fixed-192.168.101.65_8848-dev] [add-listener] ok, tenant=dev, dataId=orders-api.yaml, group=xuecheng-plus-project, cnt=1
2022-10-04 17:36:17,199 INFO [main][ClientWorker.java:169] - [fixed-192.168.101.65_8848-dev] [subscribe] orders-api-dev.yaml+xuecheng-plus-project+dev
2022-10-04 17:36:17,199 INFO [main][ClientWorker.java:169] - [fixed-192.168.101.65_8848-dev] [subscribe] orders-api-dev.yaml+xuecheng-plus-project+dev
2022-10-04 17:36:17,199 INFO [main][CacheData.java:92] - [fixed-192.168.101.65_8848-dev] [add-listener] ok, tenant=dev, dataId=orders-api-dev.yaml, group=xuecheng-plus-project, cnt=1
2022-10-04 17:36:17,199 INFO [main][CacheData.java:92] - [fixed-192.168.101.65_8848-dev] [add-listener] ok, tenant=dev, dataId=orders-api-dev.yaml, group=xuecheng-plus-project, cnt=1
2022-10-04 17:36:17,200 INFO [main][ClientWorker.java:169] - [fixed-192.168.101.65_8848-dev] [subscribe] orders-api+xuecheng-plus-project+dev
2022-10-04 17:36:17,200 INFO [main][ClientWorker.java:169] - [fixed-192.168.101.65_8848-dev] [subscribe] orders-api+xuecheng-plus-project+dev
2022-10-04 17:36:17,200 INFO [main][CacheData.java:92] - [fixed-192.168.101.65_8848-dev] [add-listener] ok, tenant=dev, dataId=orders-api, group=xuecheng-plus-project, cnt=1
2022-10-04 17:36:17,200 INFO [main][CacheData.java:92] - [fixed-192.168.101.65_8848-dev] [add-listener] ok, tenant=dev, dataId=orders-api, group=xuecheng-plus-project, cnt=1
2022-10-04 17:36:17,202 INFO [main][ClientWorker.java:169] - [fixed-192.168.101.65_8848-dev] [subscribe] orders-service-dev.yaml+xuecheng-plus-project+dev
2022-10-04 17:36:17,202 INFO [main][ClientWorker.java:169] - [fixed-192.168.101.65_8848-dev] [subscribe] orders-service-dev.yaml+xuecheng-plus-project+dev
2022-10-04 17:36:17,202 INFO [main][CacheData.java:92] - [fixed-192.168.101.65_8848-dev] [add-listener] ok, tenant=dev, dataId=orders-service-dev.yaml, group=xuecheng-plus-project, cnt=1
2022-10-04 17:36:17,202 INFO [main][CacheData.java:92] - [fixed-192.168.101.65_8848-dev] [add-listener] ok, tenant=dev, dataId=orders-service-dev.yaml, group=xuecheng-plus-project, cnt=1
2022-10-04 17:36:17,204 INFO [main][ClientWorker.java:169] - [fixed-192.168.101.65_8848-dev] [subscribe] logging-dev.yaml+xuecheng-plus-common+dev
2022-10-04 17:36:17,204 INFO [main][ClientWorker.java:169] - [fixed-192.168.101.65_8848-dev] [subscribe] logging-dev.yaml+xuecheng-plus-common+dev
2022-10-04 17:36:17,204 INFO [main][CacheData.java:92] - [fixed-192.168.101.65_8848-dev] [add-listener] ok, tenant=dev, dataId=logging-dev.yaml, group=xuecheng-plus-common, cnt=1
2022-10-04 17:36:17,204 INFO [main][CacheData.java:92] - [fixed-192.168.101.65_8848-dev] [add-listener] ok, tenant=dev, dataId=logging-dev.yaml, group=xuecheng-plus-common, cnt=1
2022-10-04 17:36:17,206 DEBUG [com.alibaba.nacos.client.Worker.longPolling.fixed-192.168.101.65_8848-dev][NacosRestTemplate.java:476] - HTTP method: POST, url: http://192.168.101.65:8848/nacos/v1/cs/configs/listener, body: {Listening-Configs=swagger-dev.yamlxuecheng-plus-common9c0d3be98c5a9ff620445bd718ea10addevlogging-dev.yamlxuecheng-plus-commoncf8b1af28beb25b242f97519c8f2c560devorders-service-dev.yamlxuecheng-plus-project82909c1ca114c12650e9141ff2eb737fdevorders-api-dev.yamlxuecheng-plus-projectf048494515f317d930ce66e549e67c00devorders-api.yamlxuecheng-plus-projectdevorders-apixuecheng-plus-projectdev, tenant=dev}
2022-10-04 17:36:17,206 DEBUG [com.alibaba.nacos.client.Worker.longPolling.fixed-192.168.101.65_8848-dev][NacosRestTemplate.java:476] - HTTP method: POST, url: http://192.168.101.65:8848/nacos/v1/cs/configs/listener, body: {Listening-Configs=swagger-dev.yamlxuecheng-plus-common9c0d3be98c5a9ff620445bd718ea10addevlogging-dev.yamlxuecheng-plus-commoncf8b1af28beb25b242f97519c8f2c560devorders-service-dev.yamlxuecheng-plus-project82909c1ca114c12650e9141ff2eb737fdevorders-api-dev.yamlxuecheng-plus-projectf048494515f317d930ce66e549e67c00devorders-api.yamlxuecheng-plus-projectdevorders-apixuecheng-plus-projectdev, tenant=dev}
2022-10-04 17:36:17,206 DEBUG [com.alibaba.nacos.client.Worker.longPolling.fixed-192.168.101.65_8848-dev][NacosRestTemplate.java:494] - Execute via interceptors :[com.alibaba.nacos.client.config.impl.ConfigHttpClientManager$LimiterHttpClientRequestInterceptor@204d918b]
2022-10-04 17:36:17,206 DEBUG [com.alibaba.nacos.client.Worker.longPolling.fixed-192.168.101.65_8848-dev][NacosRestTemplate.java:494] - Execute via interceptors :[com.alibaba.nacos.client.config.impl.ConfigHttpClientManager$LimiterHttpClientRequestInterceptor@204d918b]
2022-10-04 17:36:17,214 DEBUG [com.alibaba.nacos.client.Worker.longPolling.fixed-192.168.101.65_8848-dev][NacosRestTemplate.java:476] - HTTP method: POST, url: http://192.168.101.65:8848/nacos/v1/cs/configs/listener, body: {Listening-Configs=swagger-dev.yamlxuecheng-plus-common9c0d3be98c5a9ff620445bd718ea10addevlogging-dev.yamlxuecheng-plus-commoncf8b1af28beb25b242f97519c8f2c560devorders-service-dev.yamlxuecheng-plus-project82909c1ca114c12650e9141ff2eb737fdevorders-api-dev.yamlxuecheng-plus-projectf048494515f317d930ce66e549e67c00devorders-api.yamlxuecheng-plus-projectdevorders-apixuecheng-plus-projectdev, tenant=dev}
2022-10-04 17:36:17,214 DEBUG [com.alibaba.nacos.client.Worker.longPolling.fixed-192.168.101.65_8848-dev][NacosRestTemplate.java:476] - HTTP method: POST, url: http://192.168.101.65:8848/nacos/v1/cs/configs/listener, body: {Listening-Configs=swagger-dev.yamlxuecheng-plus-common9c0d3be98c5a9ff620445bd718ea10addevlogging-dev.yamlxuecheng-plus-commoncf8b1af28beb25b242f97519c8f2c560devorders-service-dev.yamlxuecheng-plus-project82909c1ca114c12650e9141ff2eb737fdevorders-api-dev.yamlxuecheng-plus-projectf048494515f317d930ce66e549e67c00devorders-api.yamlxuecheng-plus-projectdevorders-apixuecheng-plus-projectdev, tenant=dev}
2022-10-04 17:36:17,215 DEBUG [com.alibaba.nacos.client.Worker.longPolling.fixed-192.168.101.65_8848-dev][NacosRestTemplate.java:494] - Execute via interceptors :[com.alibaba.nacos.client.config.impl.ConfigHttpClientManager$LimiterHttpClientRequestInterceptor@204d918b]
2022-10-04 17:36:17,215 DEBUG [com.alibaba.nacos.client.Worker.longPolling.fixed-192.168.101.65_8848-dev][NacosRestTemplate.java:494] - Execute via interceptors :[com.alibaba.nacos.client.config.impl.ConfigHttpClientManager$LimiterHttpClientRequestInterceptor@204d918b]
2022-10-04 17:36:17,707 DEBUG [main][AlipayLogger.java:202] - 2022-10-04 17:36:17^_^https://openapi.alipaydev.com/gateway.do?alipay_sdk=alipay-sdk-java-3.7.73.ALL&app_id=2016101900725017&biz_content=%7B%22out_trade_no%22%3A%221577182653344460800%22%7D&charset=utf-8&format=json&method=alipay.trade.query&sign=N7ZUx92Ck%2FWlkCb0iu6Adqie9hyjTUzS6sdRjdSCQj1HffJAbET9X7biXLzeFy0w27pNT98%2F%2FqPoZnNLq%2BQBc7AzJaJ5WDZJ%2BQ6cOD33h7zX4%2BXr2GtSM6ETKdUDMyNCskr7SsTVIHiG4o2n2QLTUULNcS%2F5KXi7cJ8H0ov%2FvBp78IFUrnMnUb4FI0aBtSMn5Rc%2Fc4mNt1rkWF8ZdvdBgddJpnY0Zf2jO5IK9K7CI1Bzw7ilzTgbJ9o4lCzo3xAhzGJRRZVtP8M0O%2F1EaPY%2BXnWaf26AxdyzfdQF5moyV%2F840l0od9OBxeQjT98Xo74tviLJA%2FCdiQ8YCyjvrXWb1A%3D%3D&sign_type=RSA2&timestamp=2022-10-04+17%3A36%3A17&version=1.0
2022-10-04 17:36:17,707 DEBUG [main][AlipayLogger.java:202] - 2022-10-04 17:36:17^_^https://openapi.alipaydev.com/gateway.do?alipay_sdk=alipay-sdk-java-3.7.73.ALL&app_id=2016101900725017&biz_content=%7B%22out_trade_no%22%3A%221577182653344460800%22%7D&charset=utf-8&format=json&method=alipay.trade.query&sign=N7ZUx92Ck%2FWlkCb0iu6Adqie9hyjTUzS6sdRjdSCQj1HffJAbET9X7biXLzeFy0w27pNT98%2F%2FqPoZnNLq%2BQBc7AzJaJ5WDZJ%2BQ6cOD33h7zX4%2BXr2GtSM6ETKdUDMyNCskr7SsTVIHiG4o2n2QLTUULNcS%2F5KXi7cJ8H0ov%2FvBp78IFUrnMnUb4FI0aBtSMn5Rc%2Fc4mNt1rkWF8ZdvdBgddJpnY0Zf2jO5IK9K7CI1Bzw7ilzTgbJ9o4lCzo3xAhzGJRRZVtP8M0O%2F1EaPY%2BXnWaf26AxdyzfdQF5moyV%2F840l0od9OBxeQjT98Xo74tviLJA%2FCdiQ8YCyjvrXWb1A%3D%3D&sign_type=RSA2&timestamp=2022-10-04+17%3A36%3A17&version=1.0
2022-10-04 17:36:18,154 DEBUG [com.alibaba.nacos.client.naming.updater][NacosRestTemplate.java:476] - HTTP method: GET, url: http://192.168.101.65:8848/nacos/v1/ns/instance/list?app=unknown&healthyOnly=false&namespaceId=dev&clientIP=192.168.1.102&serviceName=xuecheng-plus-project%40%40orders-api&udpPort=57632&clusters=DEFAULT, body: {}
2022-10-04 17:36:18,154 DEBUG [com.alibaba.nacos.client.naming.updater][NacosRestTemplate.java:476] - HTTP method: GET, url: http://192.168.101.65:8848/nacos/v1/ns/instance/list?app=unknown&healthyOnly=false&namespaceId=dev&clientIP=192.168.1.102&serviceName=xuecheng-plus-project%40%40orders-api&udpPort=57632&clusters=DEFAULT, body: {}
2022-10-04 17:36:18,302 INFO [main][AlipayLogger.java:366] - Summary^_^10000^_^null^_^ProtocalMustParams:charset=utf-8&method=alipay.trade.query&sign=N7ZUx92Ck/WlkCb0iu6Adqie9hyjTUzS6sdRjdSCQj1HffJAbET9X7biXLzeFy0w27pNT98//qPoZnNLq+QBc7AzJaJ5WDZJ+Q6cOD33h7zX4+Xr2GtSM6ETKdUDMyNCskr7SsTVIHiG4o2n2QLTUULNcS/5KXi7cJ8H0ov/vBp78IFUrnMnUb4FI0aBtSMn5Rc/c4mNt1rkWF8ZdvdBgddJpnY0Zf2jO5IK9K7CI1Bzw7ilzTgbJ9o4lCzo3xAhzGJRRZVtP8M0O/1EaPY+XnWaf26AxdyzfdQF5moyV/840l0od9OBxeQjT98Xo74tviLJA/CdiQ8YCyjvrXWb1A==&version=1.0&app_id=2016101900725017&sign_type=RSA2&timestamp=2022-10-04 17:36:17^_^ProtocalOptParams:alipay_sdk=alipay-sdk-java-3.7.73.ALL&format=json^_^ApplicationParams:biz_content={"out_trade_no":"1577182653344460800"}^_^50ms,573ms,22ms
2022-10-04 17:36:18,302 INFO [main][AlipayLogger.java:366] - Summary^_^10000^_^null^_^ProtocalMustParams:charset=utf-8&method=alipay.trade.query&sign=N7ZUx92Ck/WlkCb0iu6Adqie9hyjTUzS6sdRjdSCQj1HffJAbET9X7biXLzeFy0w27pNT98//qPoZnNLq+QBc7AzJaJ5WDZJ+Q6cOD33h7zX4+Xr2GtSM6ETKdUDMyNCskr7SsTVIHiG4o2n2QLTUULNcS/5KXi7cJ8H0ov/vBp78IFUrnMnUb4FI0aBtSMn5Rc/c4mNt1rkWF8ZdvdBgddJpnY0Zf2jO5IK9K7CI1Bzw7ilzTgbJ9o4lCzo3xAhzGJRRZVtP8M0O/1EaPY+XnWaf26AxdyzfdQF5moyV/840l0od9OBxeQjT98Xo74tviLJA/CdiQ8YCyjvrXWb1A==&version=1.0&app_id=2016101900725017&sign_type=RSA2&timestamp=2022-10-04 17:36:17^_^ProtocalOptParams:alipay_sdk=alipay-sdk-java-3.7.73.ALL&format=json^_^ApplicationParams:biz_content={"out_trade_no":"1577182653344460800"}^_^50ms,573ms,22ms
2022-10-04 17:36:18,325 WARN [Thread-2][HttpClientBeanHolder.java:108] - [HttpClientBeanHolder] Start destroying common HttpClient
2022-10-04 17:36:18,325 WARN [Thread-13][NotifyCenter.java:145] - [NotifyCenter] Start destroying Publisher
2022-10-04 17:36:18,325 WARN [Thread-2][HttpClientBeanHolder.java:108] - [HttpClientBeanHolder] Start destroying common HttpClient
2022-10-04 17:36:18,325 WARN [Thread-13][NotifyCenter.java:145] - [NotifyCenter] Start destroying Publisher
2022-10-04 17:36:18,326 WARN [Thread-13][NotifyCenter.java:162] - [NotifyCenter] Destruction of the end
2022-10-04 17:36:18,326 WARN [Thread-13][NotifyCenter.java:162] - [NotifyCenter] Destruction of the end
2022-10-04 17:36:18,327 WARN [Thread-2][HttpClientBeanHolder.java:114] - [HttpClientBeanHolder] Destruction of the end
2022-10-04 17:36:18,327 WARN [Thread-2][HttpClientBeanHolder.java:114] - [HttpClientBeanHolder] Destruction of the end
2022-10-04 17:36:18,328 INFO [SpringContextShutdownHook][ExecutorConfigurationSupport.java:218] - Shutting down ExecutorService 'Nacos-Watch-Task-Scheduler'
2022-10-04 17:36:18,328 INFO [SpringContextShutdownHook][ExecutorConfigurationSupport.java:218] - Shutting down ExecutorService 'Nacos-Watch-Task-Scheduler'
2022-10-04 17:36:18,345 INFO [SpringContextShutdownHook][BeatReactor.java:147] - com.alibaba.nacos.client.naming.beat.BeatReactor do shutdown begin
2022-10-04 17:36:18,345 INFO [SpringContextShutdownHook][BeatReactor.java:147] - com.alibaba.nacos.client.naming.beat.BeatReactor do shutdown begin
2022-10-04 17:36:18,346 INFO [SpringContextShutdownHook][BeatReactor.java:149] - com.alibaba.nacos.client.naming.beat.BeatReactor do shutdown stop
2022-10-04 17:36:18,346 INFO [SpringContextShutdownHook][BeatReactor.java:149] - com.alibaba.nacos.client.naming.beat.BeatReactor do shutdown stop
2022-10-04 17:36:18,346 INFO [SpringContextShutdownHook][HostReactor.java:413] - com.alibaba.nacos.client.naming.core.HostReactor do shutdown begin
2022-10-04 17:36:18,346 INFO [SpringContextShutdownHook][HostReactor.java:413] - com.alibaba.nacos.client.naming.core.HostReactor do shutdown begin
2022-10-04 17:36:20,507 DEBUG [com.alibaba.nacos.naming.failover][FailoverReactor.java:147] - failover switch is not found, failover00-00---000-VIPSRV_FAILOVER_SWITCH-000---00-00
2022-10-04 17:36:20,507 DEBUG [com.alibaba.nacos.naming.failover][FailoverReactor.java:147] - failover switch is not found, failover00-00---000-VIPSRV_FAILOVER_SWITCH-000---00-00
2022-10-04 17:36:21,347 INFO [SpringContextShutdownHook][PushReceiver.java:132] - com.alibaba.nacos.client.naming.core.PushReceiver do shutdown begin
2022-10-04 17:36:21,347 INFO [SpringContextShutdownHook][PushReceiver.java:132] - com.alibaba.nacos.client.naming.core.PushReceiver do shutdown begin
2022-10-04 17:36:24,349 INFO [SpringContextShutdownHook][PushReceiver.java:136] - com.alibaba.nacos.client.naming.core.PushReceiver do shutdown stop
2022-10-04 17:36:24,349 INFO [SpringContextShutdownHook][PushReceiver.java:136] - com.alibaba.nacos.client.naming.core.PushReceiver do shutdown stop
2022-10-04 17:36:24,349 INFO [SpringContextShutdownHook][FailoverReactor.java:132] - com.alibaba.nacos.client.naming.backups.FailoverReactor do shutdown begin
2022-10-04 17:36:24,349 INFO [SpringContextShutdownHook][FailoverReactor.java:132] - com.alibaba.nacos.client.naming.backups.FailoverReactor do shutdown begin
2022-10-04 17:36:24,349 INFO [SpringContextShutdownHook][FailoverReactor.java:134] - com.alibaba.nacos.client.naming.backups.FailoverReactor do shutdown stop
2022-10-04 17:36:24,349 INFO [SpringContextShutdownHook][FailoverReactor.java:134] - com.alibaba.nacos.client.naming.backups.FailoverReactor do shutdown stop
2022-10-04 17:36:24,349 INFO [SpringContextShutdownHook][HostReactor.java:418] - com.alibaba.nacos.client.naming.core.HostReactor do shutdown stop
2022-10-04 17:36:24,349 INFO [SpringContextShutdownHook][HostReactor.java:418] - com.alibaba.nacos.client.naming.core.HostReactor do shutdown stop
2022-10-04 17:36:24,350 INFO [SpringContextShutdownHook][NamingProxy.java:719] - com.alibaba.nacos.client.naming.net.NamingProxy do shutdown begin
2022-10-04 17:36:24,350 INFO [SpringContextShutdownHook][NamingProxy.java:719] - com.alibaba.nacos.client.naming.net.NamingProxy do shutdown begin
2022-10-04 17:36:24,351 WARN [SpringContextShutdownHook][NamingHttpClientManager.java:72] - [NamingHttpClientManager] Start destroying NacosRestTemplate
2022-10-04 17:36:24,351 WARN [SpringContextShutdownHook][NamingHttpClientManager.java:72] - [NamingHttpClientManager] Start destroying NacosRestTemplate
2022-10-04 17:36:24,351 WARN [SpringContextShutdownHook][NamingHttpClientManager.java:79] - [NamingHttpClientManager] Destruction of the end
2022-10-04 17:36:24,351 WARN [SpringContextShutdownHook][NamingHttpClientManager.java:79] - [NamingHttpClientManager] Destruction of the end
2022-10-04 17:36:24,351 INFO [SpringContextShutdownHook][CredentialWatcher.java:105] - [null] CredentialWatcher is stopped
2022-10-04 17:36:24,351 INFO [SpringContextShutdownHook][CredentialWatcher.java:105] - [null] CredentialWatcher is stopped
2022-10-04 17:36:24,351 INFO [SpringContextShutdownHook][CredentialService.java:98] - [null] CredentialService is freed
2022-10-04 17:36:24,351 INFO [SpringContextShutdownHook][CredentialService.java:98] - [null] CredentialService is freed
2022-10-04 17:36:24,351 INFO [SpringContextShutdownHook][NamingProxy.java:723] - com.alibaba.nacos.client.naming.net.NamingProxy do shutdown stop
2022-10-04 17:36:24,351 INFO [SpringContextShutdownHook][NamingProxy.java:723] - com.alibaba.nacos.client.naming.net.NamingProxy do shutdown stop
2022-10-04 17:36:24,353 INFO [SpringContextShutdownHook][ExecutorConfigurationSupport.java:218] - Shutting down ExecutorService 'applicationTaskExecutor'
2022-10-04 17:36:24,353 INFO [SpringContextShutdownHook][ExecutorConfigurationSupport.java:218] - Shutting down ExecutorService 'applicationTaskExecutor'
